<?xml version="1.0" encoding="UTF-8"?>
<testsuite xmlns:xsi="http://www.w3.org/2001/XMLSchema-instance" xsi:noNamespaceSchemaLocation="https://maven.apache.org/surefire/maven-surefire-plugin/xsd/surefire-test-report.xsd" name="com.zhonghuilv.aitravel.pay.service.supports.test.WeixinPolicyTest" time="16.812" tests="1" errors="1" skipped="0" failures="0">
  <properties>
    <property name="sun.desktop" value="windows"/>
    <property name="awt.toolkit" value="sun.awt.windows.WToolkit"/>
    <property name="file.encoding.pkg" value="sun.io"/>
    <property name="java.specification.version" value="1.8"/>
    <property name="sun.cpu.isalist" value="amd64"/>
    <property name="sun.jnu.encoding" value="GBK"/>
    <property name="java.class.path" value="D:\WorkSpance\pay\pay\pay-service\target\test-classes;D:\WorkSpance\pay\pay\pay-service\target\classes;D:\maven\repository\.m2\repository\org\springframework\boot\spring-boot-starter-actuator\2.0.0.RELEASE\spring-boot-starter-actuator-2.0.0.RELEASE.jar;D:\maven\repository\.m2\repository\org\springframework\boot\spring-boot-starter\2.0.0.RELEASE\spring-boot-starter-2.0.0.RELEASE.jar;D:\maven\repository\.m2\repository\org\springframework\boot\spring-boot\2.0.0.RELEASE\spring-boot-2.0.0.RELEASE.jar;D:\maven\repository\.m2\repository\org\springframework\boot\spring-boot-autoconfigure\2.0.0.RELEASE\spring-boot-autoconfigure-2.0.0.RELEASE.jar;D:\maven\repository\.m2\repository\org\springframework\boot\spring-boot-starter-logging\2.0.0.RELEASE\spring-boot-starter-logging-2.0.0.RELEASE.jar;D:\maven\repository\.m2\repository\ch\qos\logback\logback-classic\1.2.3\logback-classic-1.2.3.jar;D:\maven\repository\.m2\repository\ch\qos\logback\logback-core\1.2.3\logback-core-1.2.3.jar;D:\maven\repository\.m2\repository\org\apache\logging\log4j\log4j-to-slf4j\2.10.0\log4j-to-slf4j-2.10.0.jar;D:\maven\repository\.m2\repository\org\apache\logging\log4j\log4j-api\2.10.0\log4j-api-2.10.0.jar;D:\maven\repository\.m2\repository\org\slf4j\jul-to-slf4j\1.7.25\jul-to-slf4j-1.7.25.jar;D:\maven\repository\.m2\repository\javax\annotation\javax.annotation-api\1.3.2\javax.annotation-api-1.3.2.jar;D:\maven\repository\.m2\repository\org\yaml\snakeyaml\1.19\snakeyaml-1.19.jar;D:\maven\repository\.m2\repository\org\springframework\boot\spring-boot-actuator-autoconfigure\2.0.0.RELEASE\spring-boot-actuator-autoconfigure-2.0.0.RELEASE.jar;D:\maven\repository\.m2\repository\org\springframework\boot\spring-boot-actuator\2.0.0.RELEASE\spring-boot-actuator-2.0.0.RELEASE.jar;D:\maven\repository\.m2\repository\org\springframework\spring-context\5.0.4.RELEASE\spring-context-5.0.4.RELEASE.jar;D:\maven\repository\.m2\repository\com\fasterxml\jackson\datatype\jackson-datatype-jsr310\2.9.2\jackson-datatype-jsr310-2.9.2.jar;D:\maven\repository\.m2\repository\io\micrometer\micrometer-core\1.0.1\micrometer-core-1.0.1.jar;D:\maven\repository\.m2\repository\org\hdrhistogram\HdrHistogram\2.1.10\HdrHistogram-2.1.10.jar;D:\maven\repository\.m2\repository\org\latencyutils\LatencyUtils\2.0.3\LatencyUtils-2.0.3.jar;D:\maven\repository\.m2\repository\org\mybatis\mybatis-typehandlers-jsr310\1.0.2\mybatis-typehandlers-jsr310-1.0.2.jar;D:\maven\repository\.m2\repository\tk\mybatis\mapper-spring-boot-starter\1.1.5\mapper-spring-boot-starter-1.1.5.jar;D:\maven\repository\.m2\repository\org\mybatis\spring\boot\mybatis-spring-boot-starter\1.1.1\mybatis-spring-boot-starter-1.1.1.jar;D:\maven\repository\.m2\repository\org\mybatis\spring\boot\mybatis-spring-boot-autoconfigure\1.1.1\mybatis-spring-boot-autoconfigure-1.1.1.jar;D:\maven\repository\.m2\repository\org\mybatis\mybatis\3.4.0\mybatis-3.4.0.jar;D:\maven\repository\.m2\repository\org\mybatis\mybatis-spring\1.3.0\mybatis-spring-1.3.0.jar;D:\maven\repository\.m2\repository\org\springframework\boot\spring-boot-starter-jdbc\2.0.0.RELEASE\spring-boot-starter-jdbc-2.0.0.RELEASE.jar;D:\maven\repository\.m2\repository\com\zaxxer\HikariCP\2.7.8\HikariCP-2.7.8.jar;D:\maven\repository\.m2\repository\org\springframework\spring-jdbc\5.0.4.RELEASE\spring-jdbc-5.0.4.RELEASE.jar;D:\maven\repository\.m2\repository\tk\mybatis\mapper-spring-boot-autoconfigure\1.1.5\mapper-spring-boot-autoconfigure-1.1.5.jar;D:\maven\repository\.m2\repository\tk\mybatis\mapper\3.4.4\mapper-3.4.4.jar;D:\maven\repository\.m2\repository\com\github\pagehelper\pagehelper-spring-boot-starter\1.2.3\pagehelper-spring-boot-starter-1.2.3.jar;D:\maven\repository\.m2\repository\com\github\pagehelper\pagehelper-spring-boot-autoconfigure\1.2.3\pagehelper-spring-boot-autoconfigure-1.2.3.jar;D:\maven\repository\.m2\repository\com\github\pagehelper\pagehelper\5.1.0\pagehelper-5.1.0.jar;D:\maven\repository\.m2\repository\com\github\jsqlparser\jsqlparser\1.0\jsqlparser-1.0.jar;D:\maven\repository\.m2\repository\org\springframework\boot\spring-boot-starter-web\2.0.0.RELEASE\spring-boot-starter-web-2.0.0.RELEASE.jar;D:\maven\repository\.m2\repository\org\springframework\boot\spring-boot-starter-json\2.0.0.RELEASE\spring-boot-starter-json-2.0.0.RELEASE.jar;D:\maven\repository\.m2\repository\com\fasterxml\jackson\datatype\jackson-datatype-jdk8\2.9.2\jackson-datatype-jdk8-2.9.2.jar;D:\maven\repository\.m2\repository\com\fasterxml\jackson\module\jackson-module-parameter-names\2.9.2\jackson-module-parameter-names-2.9.2.jar;D:\maven\repository\.m2\repository\org\hibernate\validator\hibernate-validator\6.0.7.Final\hibernate-validator-6.0.7.Final.jar;D:\maven\repository\.m2\repository\org\jboss\logging\jboss-logging\3.3.2.Final\jboss-logging-3.3.2.Final.jar;D:\maven\repository\.m2\repository\org\springframework\spring-web\5.0.4.RELEASE\spring-web-5.0.4.RELEASE.jar;D:\maven\repository\.m2\repository\org\springframework\spring-beans\5.0.4.RELEASE\spring-beans-5.0.4.RELEASE.jar;D:\maven\repository\.m2\repository\org\springframework\spring-webmvc\5.0.4.RELEASE\spring-webmvc-5.0.4.RELEASE.jar;D:\maven\repository\.m2\repository\org\springframework\spring-expression\5.0.4.RELEASE\spring-expression-5.0.4.RELEASE.jar;D:\maven\repository\.m2\repository\org\springframework\cloud\spring-cloud-starter-netflix-eureka-client\2.0.1.RELEASE\spring-cloud-starter-netflix-eureka-client-2.0.1.RELEASE.jar;D:\maven\repository\.m2\repository\org\springframework\cloud\spring-cloud-starter\2.0.1.RELEASE\spring-cloud-starter-2.0.1.RELEASE.jar;D:\maven\repository\.m2\repository\org\springframework\cloud\spring-cloud-context\2.0.1.RELEASE\spring-cloud-context-2.0.1.RELEASE.jar;D:\maven\repository\.m2\repository\org\springframework\security\spring-security-rsa\1.0.5.RELEASE\spring-security-rsa-1.0.5.RELEASE.jar;D:\maven\repository\.m2\repository\org\bouncycastle\bcpkix-jdk15on\1.56\bcpkix-jdk15on-1.56.jar;D:\maven\repository\.m2\repository\org\bouncycastle\bcprov-jdk15on\1.56\bcprov-jdk15on-1.56.jar;D:\maven\repository\.m2\repository\org\springframework\cloud\spring-cloud-netflix-core\2.0.1.RELEASE\spring-cloud-netflix-core-2.0.1.RELEASE.jar;D:\maven\repository\.m2\repository\org\springframework\cloud\spring-cloud-netflix-eureka-client\2.0.1.RELEASE\spring-cloud-netflix-eureka-client-2.0.1.RELEASE.jar;D:\maven\repository\.m2\repository\com\netflix\eureka\eureka-client\1.9.3\eureka-client-1.9.3.jar;D:\maven\repository\.m2\repository\org\codehaus\jettison\jettison\1.3.7\jettison-1.3.7.jar;D:\maven\repository\.m2\repository\stax\stax-api\1.0.1\stax-api-1.0.1.jar;D:\maven\repository\.m2\repository\com\netflix\netflix-commons\netflix-eventbus\0.3.0\netflix-eventbus-0.3.0.jar;D:\maven\repository\.m2\repository\com\netflix\netflix-commons\netflix-infix\0.3.0\netflix-infix-0.3.0.jar;D:\maven\repository\.m2\repository\commons-jxpath\commons-jxpath\1.3\commons-jxpath-1.3.jar;D:\maven\repository\.m2\repository\joda-time\joda-time\2.9.9\joda-time-2.9.9.jar;D:\maven\repository\.m2\repository\org\antlr\antlr-runtime\3.4\antlr-runtime-3.4.jar;D:\maven\repository\.m2\repository\org\antlr\stringtemplate\3.2.1\stringtemplate-3.2.1.jar;D:\maven\repository\.m2\repository\antlr\antlr\2.7.7\antlr-2.7.7.jar;D:\maven\repository\.m2\repository\com\google\code\gson\gson\2.8.2\gson-2.8.2.jar;D:\maven\repository\.m2\repository\org\apache\commons\commons-math\2.2\commons-math-2.2.jar;D:\maven\repository\.m2\repository\com\netflix\archaius\archaius-core\0.7.6\archaius-core-0.7.6.jar;D:\maven\repository\.m2\repository\javax\ws\rs\jsr311-api\1.1.1\jsr311-api-1.1.1.jar;D:\maven\repository\.m2\repository\com\netflix\servo\servo-core\0.12.21\servo-core-0.12.21.jar;D:\maven\repository\.m2\repository\com\sun\jersey\jersey-core\1.19.1\jersey-core-1.19.1.jar;D:\maven\repository\.m2\repository\com\sun\jersey\jersey-client\1.19.1\jersey-client-1.19.1.jar;D:\maven\repository\.m2\repository\com\sun\jersey\contribs\jersey-apache-client4\1.19.1\jersey-apache-client4-1.19.1.jar;D:\maven\repository\.m2\repository\org\apache\httpcomponents\httpclient\4.5.5\httpclient-4.5.5.jar;D:\maven\repository\.m2\repository\org\apache\httpcomponents\httpcore\4.4.9\httpcore-4.4.9.jar;D:\maven\repository\.m2\repository\commons-codec\commons-codec\1.11\commons-codec-1.11.jar;D:\maven\repository\.m2\repository\com\google\inject\guice\4.1.0\guice-4.1.0.jar;D:\maven\repository\.m2\repository\javax\inject\javax.inject\1\javax.inject-1.jar;D:\maven\repository\.m2\repository\aopalliance\aopalliance\1.0\aopalliance-1.0.jar;D:\maven\repository\.m2\repository\com\github\vlsi\compactmap\compactmap\1.2.1\compactmap-1.2.1.jar;D:\maven\repository\.m2\repository\com\github\andrewoma\dexx\dexx-collections\0.2\dexx-collections-0.2.jar;D:\maven\repository\.m2\repository\com\fasterxml\jackson\core\jackson-annotations\2.9.0\jackson-annotations-2.9.0.jar;D:\maven\repository\.m2\repository\com\fasterxml\jackson\core\jackson-core\2.9.2\jackson-core-2.9.2.jar;D:\maven\repository\.m2\repository\com\netflix\eureka\eureka-core\1.9.3\eureka-core-1.9.3.jar;D:\maven\repository\.m2\repository\org\codehaus\woodstox\woodstox-core-asl\4.4.1\woodstox-core-asl-4.4.1.jar;D:\maven\repository\.m2\repository\javax\xml\stream\stax-api\1.0-2\stax-api-1.0-2.jar;D:\maven\repository\.m2\repository\org\springframework\cloud\spring-cloud-starter-netflix-archaius\2.0.1.RELEASE\spring-cloud-starter-netflix-archaius-2.0.1.RELEASE.jar;D:\maven\repository\.m2\repository\org\springframework\cloud\spring-cloud-netflix-archaius\2.0.1.RELEASE\spring-cloud-netflix-archaius-2.0.1.RELEASE.jar;D:\maven\repository\.m2\repository\commons-configuration\commons-configuration\1.8\commons-configuration-1.8.jar;D:\maven\repository\.m2\repository\commons-lang\commons-lang\2.6\commons-lang-2.6.jar;D:\maven\repository\.m2\repository\org\springframework\cloud\spring-cloud-starter-netflix-ribbon\2.0.1.RELEASE\spring-cloud-starter-netflix-ribbon-2.0.1.RELEASE.jar;D:\maven\repository\.m2\repository\com\netflix\ribbon\ribbon\2.2.5\ribbon-2.2.5.jar;D:\maven\repository\.m2\repository\com\netflix\ribbon\ribbon-transport\2.2.5\ribbon-transport-2.2.5.jar;D:\maven\repository\.m2\repository\io\reactivex\rxnetty-contexts\0.4.9\rxnetty-contexts-0.4.9.jar;D:\maven\repository\.m2\repository\io\reactivex\rxnetty-servo\0.4.9\rxnetty-servo-0.4.9.jar;D:\maven\repository\.m2\repository\io\reactivex\rxnetty\0.4.9\rxnetty-0.4.9.jar;D:\maven\repository\.m2\repository\io\netty\netty-codec-http\4.1.22.Final\netty-codec-http-4.1.22.Final.jar;D:\maven\repository\.m2\repository\io\netty\netty-codec\4.1.22.Final\netty-codec-4.1.22.Final.jar;D:\maven\repository\.m2\repository\io\netty\netty-transport-native-epoll\4.1.22.Final\netty-transport-native-epoll-4.1.22.Final.jar;D:\maven\repository\.m2\repository\io\netty\netty-common\4.1.22.Final\netty-common-4.1.22.Final.jar;D:\maven\repository\.m2\repository\io\netty\netty-buffer\4.1.22.Final\netty-buffer-4.1.22.Final.jar;D:\maven\repository\.m2\repository\io\netty\netty-transport-native-unix-common\4.1.22.Final\netty-transport-native-unix-common-4.1.22.Final.jar;D:\maven\repository\.m2\repository\io\netty\netty-transport\4.1.22.Final\netty-transport-4.1.22.Final.jar;D:\maven\repository\.m2\repository\io\netty\netty-resolver\4.1.22.Final\netty-resolver-4.1.22.Final.jar;D:\maven\repository\.m2\repository\com\netflix\ribbon\ribbon-core\2.2.5\ribbon-core-2.2.5.jar;D:\maven\repository\.m2\repository\com\netflix\ribbon\ribbon-httpclient\2.2.5\ribbon-httpclient-2.2.5.jar;D:\maven\repository\.m2\repository\commons-collections\commons-collections\3.2.2\commons-collections-3.2.2.jar;D:\maven\repository\.m2\repository\com\netflix\netflix-commons\netflix-commons-util\0.3.0\netflix-commons-util-0.3.0.jar;D:\maven\repository\.m2\repository\com\netflix\ribbon\ribbon-loadbalancer\2.2.5\ribbon-loadbalancer-2.2.5.jar;D:\maven\repository\.m2\repository\com\netflix\netflix-commons\netflix-statistics\0.1.1\netflix-statistics-0.1.1.jar;D:\maven\repository\.m2\repository\io\reactivex\rxjava\1.3.6\rxjava-1.3.6.jar;D:\maven\repository\.m2\repository\com\netflix\ribbon\ribbon-eureka\2.2.5\ribbon-eureka-2.2.5.jar;D:\maven\repository\.m2\repository\com\thoughtworks\xstream\xstream\1.4.10\xstream-1.4.10.jar;D:\maven\repository\.m2\repository\xmlpull\xmlpull\1.1.3.1\xmlpull-1.1.3.1.jar;D:\maven\repository\.m2\repository\xpp3\xpp3_min\1.1.4c\xpp3_min-1.1.4c.jar;D:\maven\repository\.m2\repository\org\springframework\cloud\spring-cloud-starter-netflix-hystrix\2.0.1.RELEASE\spring-cloud-starter-netflix-hystrix-2.0.1.RELEASE.jar;D:\maven\repository\.m2\repository\org\springframework\cloud\spring-cloud-netflix-ribbon\2.0.1.RELEASE\spring-cloud-netflix-ribbon-2.0.1.RELEASE.jar;D:\maven\repository\.m2\repository\com\netflix\hystrix\hystrix-core\1.5.12\hystrix-core-1.5.12.jar;D:\maven\repository\.m2\repository\com\netflix\hystrix\hystrix-serialization\1.5.12\hystrix-serialization-1.5.12.jar;D:\maven\repository\.m2\repository\com\fasterxml\jackson\module\jackson-module-afterburner\2.9.2\jackson-module-afterburner-2.9.2.jar;D:\maven\repository\.m2\repository\com\netflix\hystrix\hystrix-metrics-event-stream\1.5.12\hystrix-metrics-event-stream-1.5.12.jar;D:\maven\repository\.m2\repository\com\netflix\hystrix\hystrix-javanica\1.5.12\hystrix-javanica-1.5.12.jar;D:\maven\repository\.m2\repository\org\ow2\asm\asm\5.0.4\asm-5.0.4.jar;D:\maven\repository\.m2\repository\io\reactivex\rxjava-reactive-streams\1.2.1\rxjava-reactive-streams-1.2.1.jar;D:\maven\repository\.m2\repository\org\reactivestreams\reactive-streams\1.0.2\reactive-streams-1.0.2.jar;D:\maven\repository\.m2\repository\org\springframework\cloud\spring-cloud-starter-config\2.0.1.RELEASE\spring-cloud-starter-config-2.0.1.RELEASE.jar;D:\maven\repository\.m2\repository\org\springframework\cloud\spring-cloud-config-client\2.0.1.RELEASE\spring-cloud-config-client-2.0.1.RELEASE.jar;D:\maven\repository\.m2\repository\com\fasterxml\jackson\core\jackson-databind\2.9.2\jackson-databind-2.9.2.jar;D:\maven\repository\.m2\repository\io\springfox\springfox-swagger2\2.9.2\springfox-swagger2-2.9.2.jar;D:\maven\repository\.m2\repository\io\swagger\swagger-annotations\1.5.20\swagger-annotations-1.5.20.jar;D:\maven\repository\.m2\repository\io\swagger\swagger-models\1.5.20\swagger-models-1.5.20.jar;D:\maven\repository\.m2\repository\io\springfox\springfox-spi\2.9.2\springfox-spi-2.9.2.jar;D:\maven\repository\.m2\repository\io\springfox\springfox-core\2.9.2\springfox-core-2.9.2.jar;D:\maven\repository\.m2\repository\io\springfox\springfox-schema\2.9.2\springfox-schema-2.9.2.jar;D:\maven\repository\.m2\repository\io\springfox\springfox-swagger-common\2.9.2\springfox-swagger-common-2.9.2.jar;D:\maven\repository\.m2\repository\io\springfox\springfox-spring-web\2.9.2\springfox-spring-web-2.9.2.jar;D:\maven\repository\.m2\repository\com\google\guava\guava\20.0\guava-20.0.jar;D:\maven\repository\.m2\repository\com\fasterxml\classmate\1.3.4\classmate-1.3.4.jar;D:\maven\repository\.m2\repository\org\slf4j\slf4j-api\1.7.25\slf4j-api-1.7.25.jar;D:\maven\repository\.m2\repository\org\springframework\plugin\spring-plugin-core\1.2.0.RELEASE\spring-plugin-core-1.2.0.RELEASE.jar;D:\maven\repository\.m2\repository\org\springframework\plugin\spring-plugin-metadata\1.2.0.RELEASE\spring-plugin-metadata-1.2.0.RELEASE.jar;D:\maven\repository\.m2\repository\org\mapstruct\mapstruct\1.2.0.Final\mapstruct-1.2.0.Final.jar;D:\maven\repository\.m2\repository\io\springfox\springfox-swagger-ui\2.9.2\springfox-swagger-ui-2.9.2.jar;D:\maven\repository\.m2\repository\org\springframework\boot\spring-boot-starter-undertow\2.0.0.RELEASE\spring-boot-starter-undertow-2.0.0.RELEASE.jar;D:\maven\repository\.m2\repository\io\undertow\undertow-core\1.4.22.Final\undertow-core-1.4.22.Final.jar;D:\maven\repository\.m2\repository\org\jboss\xnio\xnio-api\3.3.8.Final\xnio-api-3.3.8.Final.jar;D:\maven\repository\.m2\repository\org\jboss\xnio\xnio-nio\3.3.8.Final\xnio-nio-3.3.8.Final.jar;D:\maven\repository\.m2\repository\io\undertow\undertow-servlet\1.4.22.Final\undertow-servlet-1.4.22.Final.jar;D:\maven\repository\.m2\repository\org\jboss\spec\javax\annotation\jboss-annotations-api_1.2_spec\1.0.0.Final\jboss-annotations-api_1.2_spec-1.0.0.Final.jar;D:\maven\repository\.m2\repository\io\undertow\undertow-websockets-jsr\1.4.22.Final\undertow-websockets-jsr-1.4.22.Final.jar;D:\maven\repository\.m2\repository\org\jboss\spec\javax\websocket\jboss-websocket-api_1.1_spec\1.1.0.Final\jboss-websocket-api_1.1_spec-1.1.0.Final.jar;D:\maven\repository\.m2\repository\javax\servlet\javax.servlet-api\3.1.0\javax.servlet-api-3.1.0.jar;D:\maven\repository\.m2\repository\org\glassfish\javax.el\3.0.0\javax.el-3.0.0.jar;D:\maven\repository\.m2\repository\com\alibaba\druid\1.1.6\druid-1.1.6.jar;D:\maven\repository\.m2\repository\org\springframework\cloud\spring-cloud-commons\2.0.1.RELEASE\spring-cloud-commons-2.0.1.RELEASE.jar;D:\maven\repository\.m2\repository\org\springframework\security\spring-security-crypto\5.0.3.RELEASE\spring-security-crypto-5.0.3.RELEASE.jar;D:\maven\repository\.m2\repository\mysql\mysql-connector-java\5.1.38\mysql-connector-java-5.1.38.jar;D:\maven\repository\.m2\repository\junit\junit\4.12\junit-4.12.jar;D:\maven\repository\.m2\repository\org\hamcrest\hamcrest-core\1.3\hamcrest-core-1.3.jar;D:\maven\repository\.m2\repository\org\springframework\boot\spring-boot-starter-aop\2.0.0.RELEASE\spring-boot-starter-aop-2.0.0.RELEASE.jar;D:\maven\repository\.m2\repository\org\springframework\spring-aop\5.0.4.RELEASE\spring-aop-5.0.4.RELEASE.jar;D:\maven\repository\.m2\repository\org\aspectj\aspectjweaver\1.8.13\aspectjweaver-1.8.13.jar;D:\maven\repository\.m2\repository\commons-io\commons-io\2.5\commons-io-2.5.jar;D:\maven\repository\.m2\repository\org\springframework\boot\spring-boot-starter-thymeleaf\2.0.0.RELEASE\spring-boot-starter-thymeleaf-2.0.0.RELEASE.jar;D:\maven\repository\.m2\repository\org\thymeleaf\thymeleaf-spring5\3.0.9.RELEASE\thymeleaf-spring5-3.0.9.RELEASE.jar;D:\maven\repository\.m2\repository\org\thymeleaf\thymeleaf\3.0.9.RELEASE\thymeleaf-3.0.9.RELEASE.jar;D:\maven\repository\.m2\repository\org\attoparser\attoparser\2.0.4.RELEASE\attoparser-2.0.4.RELEASE.jar;D:\maven\repository\.m2\repository\org\unbescape\unbescape\1.1.5.RELEASE\unbescape-1.1.5.RELEASE.jar;D:\maven\repository\.m2\repository\org\thymeleaf\extras\thymeleaf-extras-java8time\3.0.1.RELEASE\thymeleaf-extras-java8time-3.0.1.RELEASE.jar;D:\WorkSpance\pay\pay\pay-intf\target\pay-intf-1.0-SNAPSHOT.jar;D:\maven\repository\.m2\repository\org\springframework\cloud\spring-cloud-starter-openfeign\2.0.1.RELEASE\spring-cloud-starter-openfeign-2.0.1.RELEASE.jar;D:\maven\repository\.m2\repository\org\springframework\cloud\spring-cloud-openfeign-core\2.0.1.RELEASE\spring-cloud-openfeign-core-2.0.1.RELEASE.jar;D:\maven\repository\.m2\repository\io\github\openfeign\feign-core\9.5.1\feign-core-9.5.1.jar;D:\maven\repository\.m2\repository\io\github\openfeign\feign-slf4j\9.5.1\feign-slf4j-9.5.1.jar;D:\maven\repository\.m2\repository\io\github\openfeign\feign-hystrix\9.5.1\feign-hystrix-9.5.1.jar;D:\maven\repository\.m2\repository\io\github\openfeign\feign-java8\9.5.1\feign-java8-9.5.1.jar;D:\maven\repository\.m2\repository\com\fasterxml\jackson\dataformat\jackson-dataformat-xml\2.9.2\jackson-dataformat-xml-2.9.2.jar;D:\maven\repository\.m2\repository\com\fasterxml\jackson\module\jackson-module-jaxb-annotations\2.9.2\jackson-module-jaxb-annotations-2.9.2.jar;D:\maven\repository\.m2\repository\org\codehaus\woodstox\stax2-api\3.1.4\stax2-api-3.1.4.jar;D:\maven\repository\.m2\repository\com\fasterxml\woodstox\woodstox-core\5.0.3\woodstox-core-5.0.3.jar;D:\maven\repository\.m2\repository\javax\persistence\persistence-api\1.0\persistence-api-1.0.jar;D:\maven\repository\.m2\repository\javax\validation\validation-api\2.0.1.Final\validation-api-2.0.1.Final.jar;D:\maven\repository\.m2\repository\org\jdom\jdom\1.1.3\jdom-1.1.3.jar;D:\maven\repository\.m2\repository\org\springframework\cloud\spring-cloud-stream-binder-rabbit\2.0.1.RELEASE\spring-cloud-stream-binder-rabbit-2.0.1.RELEASE.jar;D:\maven\repository\.m2\repository\org\springframework\cloud\spring-cloud-stream-binder-rabbit-core\2.0.1.RELEASE\spring-cloud-stream-binder-rabbit-core-2.0.1.RELEASE.jar;D:\maven\repository\.m2\repository\com\rabbitmq\http-client\2.0.1.RELEASE\http-client-2.0.1.RELEASE.jar;D:\maven\repository\.m2\repository\org\springframework\spring-webflux\5.0.4.RELEASE\spring-webflux-5.0.4.RELEASE.jar;D:\maven\repository\.m2\repository\io\projectreactor\ipc\reactor-netty\0.7.5.RELEASE\reactor-netty-0.7.5.RELEASE.jar;D:\maven\repository\.m2\repository\io\netty\netty-handler\4.1.22.Final\netty-handler-4.1.22.Final.jar;D:\maven\repository\.m2\repository\io\netty\netty-handler-proxy\4.1.22.Final\netty-handler-proxy-4.1.22.Final.jar;D:\maven\repository\.m2\repository\io\netty\netty-codec-socks\4.1.22.Final\netty-codec-socks-4.1.22.Final.jar;D:\maven\repository\.m2\repository\org\springframework\cloud\spring-cloud-stream\2.0.1.RELEASE\spring-cloud-stream-2.0.1.RELEASE.jar;D:\maven\repository\.m2\repository\org\springframework\boot\spring-boot-starter-validation\2.0.0.RELEASE\spring-boot-starter-validation-2.0.0.RELEASE.jar;D:\maven\repository\.m2\repository\org\apache\tomcat\embed\tomcat-embed-el\8.5.28\tomcat-embed-el-8.5.28.jar;D:\maven\repository\.m2\repository\org\springframework\spring-messaging\5.0.4.RELEASE\spring-messaging-5.0.4.RELEASE.jar;D:\maven\repository\.m2\repository\org\springframework\spring-tuple\1.0.0.RELEASE\spring-tuple-1.0.0.RELEASE.jar;D:\maven\repository\.m2\repository\com\esotericsoftware\kryo-shaded\3.0.3\kryo-shaded-3.0.3.jar;D:\maven\repository\.m2\repository\com\esotericsoftware\minlog\1.3.0\minlog-1.3.0.jar;D:\maven\repository\.m2\repository\org\springframework\integration\spring-integration-tuple\1.0.0.RELEASE\spring-integration-tuple-1.0.0.RELEASE.jar;D:\maven\repository\.m2\repository\org\springframework\retry\spring-retry\1.2.2.RELEASE\spring-retry-1.2.2.RELEASE.jar;D:\maven\repository\.m2\repository\org\springframework\boot\spring-boot-starter-amqp\2.0.0.RELEASE\spring-boot-starter-amqp-2.0.0.RELEASE.jar;D:\maven\repository\.m2\repository\org\springframework\amqp\spring-rabbit\2.0.2.RELEASE\spring-rabbit-2.0.2.RELEASE.jar;D:\maven\repository\.m2\repository\org\springframework\amqp\spring-amqp\2.0.2.RELEASE\spring-amqp-2.0.2.RELEASE.jar;D:\maven\repository\.m2\repository\com\rabbitmq\amqp-client\5.1.2\amqp-client-5.1.2.jar;D:\maven\repository\.m2\repository\org\springframework\integration\spring-integration-amqp\5.0.3.RELEASE\spring-integration-amqp-5.0.3.RELEASE.jar;D:\maven\repository\.m2\repository\org\springframework\integration\spring-integration-core\5.0.3.RELEASE\spring-integration-core-5.0.3.RELEASE.jar;D:\maven\repository\.m2\repository\org\springframework\spring-tx\5.0.4.RELEASE\spring-tx-5.0.4.RELEASE.jar;D:\maven\repository\.m2\repository\io\projectreactor\reactor-core\3.1.5.RELEASE\reactor-core-3.1.5.RELEASE.jar;D:\maven\repository\.m2\repository\org\springframework\integration\spring-integration-jmx\5.0.3.RELEASE\spring-integration-jmx-5.0.3.RELEASE.jar;D:\maven\repository\.m2\repository\org\apache\commons\commons-lang3\3.7\commons-lang3-3.7.jar;D:\maven\repository\.m2\repository\com\alipay\alipay-sdk-java\3.0.0\alipay-sdk-java-3.0.0.jar;D:\maven\repository\.m2\repository\commons-logging\commons-logging\1.1.1\commons-logging-1.1.1.jar;D:\maven\repository\.m2\repository\com\alibaba\fastjson\1.2.41\fastjson-1.2.41.jar;D:\maven\repository\.m2\repository\org\springframework\boot\spring-boot-starter-test\2.0.0.RELEASE\spring-boot-starter-test-2.0.0.RELEASE.jar;D:\maven\repository\.m2\repository\org\springframework\boot\spring-boot-test\2.0.0.RELEASE\spring-boot-test-2.0.0.RELEASE.jar;D:\maven\repository\.m2\repository\org\springframework\boot\spring-boot-test-autoconfigure\2.0.0.RELEASE\spring-boot-test-autoconfigure-2.0.0.RELEASE.jar;D:\maven\repository\.m2\repository\com\jayway\jsonpath\json-path\2.4.0\json-path-2.4.0.jar;D:\maven\repository\.m2\repository\net\minidev\json-smart\2.3\json-smart-2.3.jar;D:\maven\repository\.m2\repository\net\minidev\accessors-smart\1.2\accessors-smart-1.2.jar;D:\maven\repository\.m2\repository\org\assertj\assertj-core\3.9.1\assertj-core-3.9.1.jar;D:\maven\repository\.m2\repository\org\mockito\mockito-core\2.15.0\mockito-core-2.15.0.jar;D:\maven\repository\.m2\repository\net\bytebuddy\byte-buddy\1.7.10\byte-buddy-1.7.10.jar;D:\maven\repository\.m2\repository\net\bytebuddy\byte-buddy-agent\1.7.10\byte-buddy-agent-1.7.10.jar;D:\maven\repository\.m2\repository\org\objenesis\objenesis\2.6\objenesis-2.6.jar;D:\maven\repository\.m2\repository\org\hamcrest\hamcrest-library\1.3\hamcrest-library-1.3.jar;D:\maven\repository\.m2\repository\org\skyscreamer\jsonassert\1.5.0\jsonassert-1.5.0.jar;D:\maven\repository\.m2\repository\com\vaadin\external\google\android-json\0.0.20131108.vaadin1\android-json-0.0.20131108.vaadin1.jar;D:\maven\repository\.m2\repository\org\springframework\spring-core\5.0.4.RELEASE\spring-core-5.0.4.RELEASE.jar;D:\maven\repository\.m2\repository\org\springframework\spring-jcl\5.0.4.RELEASE\spring-jcl-5.0.4.RELEASE.jar;D:\maven\repository\.m2\repository\org\springframework\spring-test\5.0.4.RELEASE\spring-test-5.0.4.RELEASE.jar;D:\maven\repository\.m2\repository\org\xmlunit\xmlunit-core\2.5.1\xmlunit-core-2.5.1.jar;D:\maven\repository\.m2\repository\org\projectlombok\lombok\1.16.16\lombok-1.16.16.jar;"/>
    <property name="java.vm.vendor" value="Oracle Corporation"/>
    <property name="sun.arch.data.model" value="64"/>
    <property name="user.variant" value=""/>
    <property name="java.vendor.url" value="http://java.oracle.com/"/>
    <property name="user.timezone" value=""/>
    <property name="java.vm.specification.version" value="1.8"/>
    <property name="os.name" value="Windows 10"/>
    <property name="user.country" value="CN"/>
    <property name="sun.java.launcher" value="SUN_STANDARD"/>
    <property name="sun.boot.library.path" value="C:\Program Files\Java\jdk1.8.0_91\jre\bin"/>
    <property name="sun.java.command" value="C:\Users\wisedu\AppData\Local\Temp\surefire8227203620871400585\surefirebooter1597028325772222772.jar C:\Users\wisedu\AppData\Local\Temp\surefire8227203620871400585 2019-05-24T22-01-17_170-jvmRun1 surefire1310832677030374727tmp surefire_03750957775813202005tmp"/>
    <property name="surefire.test.class.path" value="D:\WorkSpance\pay\pay\pay-service\target\test-classes;D:\WorkSpance\pay\pay\pay-service\target\classes;D:\maven\repository\.m2\repository\org\springframework\boot\spring-boot-starter-actuator\2.0.0.RELEASE\spring-boot-starter-actuator-2.0.0.RELEASE.jar;D:\maven\repository\.m2\repository\org\springframework\boot\spring-boot-starter\2.0.0.RELEASE\spring-boot-starter-2.0.0.RELEASE.jar;D:\maven\repository\.m2\repository\org\springframework\boot\spring-boot\2.0.0.RELEASE\spring-boot-2.0.0.RELEASE.jar;D:\maven\repository\.m2\repository\org\springframework\boot\spring-boot-autoconfigure\2.0.0.RELEASE\spring-boot-autoconfigure-2.0.0.RELEASE.jar;D:\maven\repository\.m2\repository\org\springframework\boot\spring-boot-starter-logging\2.0.0.RELEASE\spring-boot-starter-logging-2.0.0.RELEASE.jar;D:\maven\repository\.m2\repository\ch\qos\logback\logback-classic\1.2.3\logback-classic-1.2.3.jar;D:\maven\repository\.m2\repository\ch\qos\logback\logback-core\1.2.3\logback-core-1.2.3.jar;D:\maven\repository\.m2\repository\org\apache\logging\log4j\log4j-to-slf4j\2.10.0\log4j-to-slf4j-2.10.0.jar;D:\maven\repository\.m2\repository\org\apache\logging\log4j\log4j-api\2.10.0\log4j-api-2.10.0.jar;D:\maven\repository\.m2\repository\org\slf4j\jul-to-slf4j\1.7.25\jul-to-slf4j-1.7.25.jar;D:\maven\repository\.m2\repository\javax\annotation\javax.annotation-api\1.3.2\javax.annotation-api-1.3.2.jar;D:\maven\repository\.m2\repository\org\yaml\snakeyaml\1.19\snakeyaml-1.19.jar;D:\maven\repository\.m2\repository\org\springframework\boot\spring-boot-actuator-autoconfigure\2.0.0.RELEASE\spring-boot-actuator-autoconfigure-2.0.0.RELEASE.jar;D:\maven\repository\.m2\repository\org\springframework\boot\spring-boot-actuator\2.0.0.RELEASE\spring-boot-actuator-2.0.0.RELEASE.jar;D:\maven\repository\.m2\repository\org\springframework\spring-context\5.0.4.RELEASE\spring-context-5.0.4.RELEASE.jar;D:\maven\repository\.m2\repository\com\fasterxml\jackson\datatype\jackson-datatype-jsr310\2.9.2\jackson-datatype-jsr310-2.9.2.jar;D:\maven\repository\.m2\repository\io\micrometer\micrometer-core\1.0.1\micrometer-core-1.0.1.jar;D:\maven\repository\.m2\repository\org\hdrhistogram\HdrHistogram\2.1.10\HdrHistogram-2.1.10.jar;D:\maven\repository\.m2\repository\org\latencyutils\LatencyUtils\2.0.3\LatencyUtils-2.0.3.jar;D:\maven\repository\.m2\repository\org\mybatis\mybatis-typehandlers-jsr310\1.0.2\mybatis-typehandlers-jsr310-1.0.2.jar;D:\maven\repository\.m2\repository\tk\mybatis\mapper-spring-boot-starter\1.1.5\mapper-spring-boot-starter-1.1.5.jar;D:\maven\repository\.m2\repository\org\mybatis\spring\boot\mybatis-spring-boot-starter\1.1.1\mybatis-spring-boot-starter-1.1.1.jar;D:\maven\repository\.m2\repository\org\mybatis\spring\boot\mybatis-spring-boot-autoconfigure\1.1.1\mybatis-spring-boot-autoconfigure-1.1.1.jar;D:\maven\repository\.m2\repository\org\mybatis\mybatis\3.4.0\mybatis-3.4.0.jar;D:\maven\repository\.m2\repository\org\mybatis\mybatis-spring\1.3.0\mybatis-spring-1.3.0.jar;D:\maven\repository\.m2\repository\org\springframework\boot\spring-boot-starter-jdbc\2.0.0.RELEASE\spring-boot-starter-jdbc-2.0.0.RELEASE.jar;D:\maven\repository\.m2\repository\com\zaxxer\HikariCP\2.7.8\HikariCP-2.7.8.jar;D:\maven\repository\.m2\repository\org\springframework\spring-jdbc\5.0.4.RELEASE\spring-jdbc-5.0.4.RELEASE.jar;D:\maven\repository\.m2\repository\tk\mybatis\mapper-spring-boot-autoconfigure\1.1.5\mapper-spring-boot-autoconfigure-1.1.5.jar;D:\maven\repository\.m2\repository\tk\mybatis\mapper\3.4.4\mapper-3.4.4.jar;D:\maven\repository\.m2\repository\com\github\pagehelper\pagehelper-spring-boot-starter\1.2.3\pagehelper-spring-boot-starter-1.2.3.jar;D:\maven\repository\.m2\repository\com\github\pagehelper\pagehelper-spring-boot-autoconfigure\1.2.3\pagehelper-spring-boot-autoconfigure-1.2.3.jar;D:\maven\repository\.m2\repository\com\github\pagehelper\pagehelper\5.1.0\pagehelper-5.1.0.jar;D:\maven\repository\.m2\repository\com\github\jsqlparser\jsqlparser\1.0\jsqlparser-1.0.jar;D:\maven\repository\.m2\repository\org\springframework\boot\spring-boot-starter-web\2.0.0.RELEASE\spring-boot-starter-web-2.0.0.RELEASE.jar;D:\maven\repository\.m2\repository\org\springframework\boot\spring-boot-starter-json\2.0.0.RELEASE\spring-boot-starter-json-2.0.0.RELEASE.jar;D:\maven\repository\.m2\repository\com\fasterxml\jackson\datatype\jackson-datatype-jdk8\2.9.2\jackson-datatype-jdk8-2.9.2.jar;D:\maven\repository\.m2\repository\com\fasterxml\jackson\module\jackson-module-parameter-names\2.9.2\jackson-module-parameter-names-2.9.2.jar;D:\maven\repository\.m2\repository\org\hibernate\validator\hibernate-validator\6.0.7.Final\hibernate-validator-6.0.7.Final.jar;D:\maven\repository\.m2\repository\org\jboss\logging\jboss-logging\3.3.2.Final\jboss-logging-3.3.2.Final.jar;D:\maven\repository\.m2\repository\org\springframework\spring-web\5.0.4.RELEASE\spring-web-5.0.4.RELEASE.jar;D:\maven\repository\.m2\repository\org\springframework\spring-beans\5.0.4.RELEASE\spring-beans-5.0.4.RELEASE.jar;D:\maven\repository\.m2\repository\org\springframework\spring-webmvc\5.0.4.RELEASE\spring-webmvc-5.0.4.RELEASE.jar;D:\maven\repository\.m2\repository\org\springframework\spring-expression\5.0.4.RELEASE\spring-expression-5.0.4.RELEASE.jar;D:\maven\repository\.m2\repository\org\springframework\cloud\spring-cloud-starter-netflix-eureka-client\2.0.1.RELEASE\spring-cloud-starter-netflix-eureka-client-2.0.1.RELEASE.jar;D:\maven\repository\.m2\repository\org\springframework\cloud\spring-cloud-starter\2.0.1.RELEASE\spring-cloud-starter-2.0.1.RELEASE.jar;D:\maven\repository\.m2\repository\org\springframework\cloud\spring-cloud-context\2.0.1.RELEASE\spring-cloud-context-2.0.1.RELEASE.jar;D:\maven\repository\.m2\repository\org\springframework\security\spring-security-rsa\1.0.5.RELEASE\spring-security-rsa-1.0.5.RELEASE.jar;D:\maven\repository\.m2\repository\org\bouncycastle\bcpkix-jdk15on\1.56\bcpkix-jdk15on-1.56.jar;D:\maven\repository\.m2\repository\org\bouncycastle\bcprov-jdk15on\1.56\bcprov-jdk15on-1.56.jar;D:\maven\repository\.m2\repository\org\springframework\cloud\spring-cloud-netflix-core\2.0.1.RELEASE\spring-cloud-netflix-core-2.0.1.RELEASE.jar;D:\maven\repository\.m2\repository\org\springframework\cloud\spring-cloud-netflix-eureka-client\2.0.1.RELEASE\spring-cloud-netflix-eureka-client-2.0.1.RELEASE.jar;D:\maven\repository\.m2\repository\com\netflix\eureka\eureka-client\1.9.3\eureka-client-1.9.3.jar;D:\maven\repository\.m2\repository\org\codehaus\jettison\jettison\1.3.7\jettison-1.3.7.jar;D:\maven\repository\.m2\repository\stax\stax-api\1.0.1\stax-api-1.0.1.jar;D:\maven\repository\.m2\repository\com\netflix\netflix-commons\netflix-eventbus\0.3.0\netflix-eventbus-0.3.0.jar;D:\maven\repository\.m2\repository\com\netflix\netflix-commons\netflix-infix\0.3.0\netflix-infix-0.3.0.jar;D:\maven\repository\.m2\repository\commons-jxpath\commons-jxpath\1.3\commons-jxpath-1.3.jar;D:\maven\repository\.m2\repository\joda-time\joda-time\2.9.9\joda-time-2.9.9.jar;D:\maven\repository\.m2\repository\org\antlr\antlr-runtime\3.4\antlr-runtime-3.4.jar;D:\maven\repository\.m2\repository\org\antlr\stringtemplate\3.2.1\stringtemplate-3.2.1.jar;D:\maven\repository\.m2\repository\antlr\antlr\2.7.7\antlr-2.7.7.jar;D:\maven\repository\.m2\repository\com\google\code\gson\gson\2.8.2\gson-2.8.2.jar;D:\maven\repository\.m2\repository\org\apache\commons\commons-math\2.2\commons-math-2.2.jar;D:\maven\repository\.m2\repository\com\netflix\archaius\archaius-core\0.7.6\archaius-core-0.7.6.jar;D:\maven\repository\.m2\repository\javax\ws\rs\jsr311-api\1.1.1\jsr311-api-1.1.1.jar;D:\maven\repository\.m2\repository\com\netflix\servo\servo-core\0.12.21\servo-core-0.12.21.jar;D:\maven\repository\.m2\repository\com\sun\jersey\jersey-core\1.19.1\jersey-core-1.19.1.jar;D:\maven\repository\.m2\repository\com\sun\jersey\jersey-client\1.19.1\jersey-client-1.19.1.jar;D:\maven\repository\.m2\repository\com\sun\jersey\contribs\jersey-apache-client4\1.19.1\jersey-apache-client4-1.19.1.jar;D:\maven\repository\.m2\repository\org\apache\httpcomponents\httpclient\4.5.5\httpclient-4.5.5.jar;D:\maven\repository\.m2\repository\org\apache\httpcomponents\httpcore\4.4.9\httpcore-4.4.9.jar;D:\maven\repository\.m2\repository\commons-codec\commons-codec\1.11\commons-codec-1.11.jar;D:\maven\repository\.m2\repository\com\google\inject\guice\4.1.0\guice-4.1.0.jar;D:\maven\repository\.m2\repository\javax\inject\javax.inject\1\javax.inject-1.jar;D:\maven\repository\.m2\repository\aopalliance\aopalliance\1.0\aopalliance-1.0.jar;D:\maven\repository\.m2\repository\com\github\vlsi\compactmap\compactmap\1.2.1\compactmap-1.2.1.jar;D:\maven\repository\.m2\repository\com\github\andrewoma\dexx\dexx-collections\0.2\dexx-collections-0.2.jar;D:\maven\repository\.m2\repository\com\fasterxml\jackson\core\jackson-annotations\2.9.0\jackson-annotations-2.9.0.jar;D:\maven\repository\.m2\repository\com\fasterxml\jackson\core\jackson-core\2.9.2\jackson-core-2.9.2.jar;D:\maven\repository\.m2\repository\com\netflix\eureka\eureka-core\1.9.3\eureka-core-1.9.3.jar;D:\maven\repository\.m2\repository\org\codehaus\woodstox\woodstox-core-asl\4.4.1\woodstox-core-asl-4.4.1.jar;D:\maven\repository\.m2\repository\javax\xml\stream\stax-api\1.0-2\stax-api-1.0-2.jar;D:\maven\repository\.m2\repository\org\springframework\cloud\spring-cloud-starter-netflix-archaius\2.0.1.RELEASE\spring-cloud-starter-netflix-archaius-2.0.1.RELEASE.jar;D:\maven\repository\.m2\repository\org\springframework\cloud\spring-cloud-netflix-archaius\2.0.1.RELEASE\spring-cloud-netflix-archaius-2.0.1.RELEASE.jar;D:\maven\repository\.m2\repository\commons-configuration\commons-configuration\1.8\commons-configuration-1.8.jar;D:\maven\repository\.m2\repository\commons-lang\commons-lang\2.6\commons-lang-2.6.jar;D:\maven\repository\.m2\repository\org\springframework\cloud\spring-cloud-starter-netflix-ribbon\2.0.1.RELEASE\spring-cloud-starter-netflix-ribbon-2.0.1.RELEASE.jar;D:\maven\repository\.m2\repository\com\netflix\ribbon\ribbon\2.2.5\ribbon-2.2.5.jar;D:\maven\repository\.m2\repository\com\netflix\ribbon\ribbon-transport\2.2.5\ribbon-transport-2.2.5.jar;D:\maven\repository\.m2\repository\io\reactivex\rxnetty-contexts\0.4.9\rxnetty-contexts-0.4.9.jar;D:\maven\repository\.m2\repository\io\reactivex\rxnetty-servo\0.4.9\rxnetty-servo-0.4.9.jar;D:\maven\repository\.m2\repository\io\reactivex\rxnetty\0.4.9\rxnetty-0.4.9.jar;D:\maven\repository\.m2\repository\io\netty\netty-codec-http\4.1.22.Final\netty-codec-http-4.1.22.Final.jar;D:\maven\repository\.m2\repository\io\netty\netty-codec\4.1.22.Final\netty-codec-4.1.22.Final.jar;D:\maven\repository\.m2\repository\io\netty\netty-transport-native-epoll\4.1.22.Final\netty-transport-native-epoll-4.1.22.Final.jar;D:\maven\repository\.m2\repository\io\netty\netty-common\4.1.22.Final\netty-common-4.1.22.Final.jar;D:\maven\repository\.m2\repository\io\netty\netty-buffer\4.1.22.Final\netty-buffer-4.1.22.Final.jar;D:\maven\repository\.m2\repository\io\netty\netty-transport-native-unix-common\4.1.22.Final\netty-transport-native-unix-common-4.1.22.Final.jar;D:\maven\repository\.m2\repository\io\netty\netty-transport\4.1.22.Final\netty-transport-4.1.22.Final.jar;D:\maven\repository\.m2\repository\io\netty\netty-resolver\4.1.22.Final\netty-resolver-4.1.22.Final.jar;D:\maven\repository\.m2\repository\com\netflix\ribbon\ribbon-core\2.2.5\ribbon-core-2.2.5.jar;D:\maven\repository\.m2\repository\com\netflix\ribbon\ribbon-httpclient\2.2.5\ribbon-httpclient-2.2.5.jar;D:\maven\repository\.m2\repository\commons-collections\commons-collections\3.2.2\commons-collections-3.2.2.jar;D:\maven\repository\.m2\repository\com\netflix\netflix-commons\netflix-commons-util\0.3.0\netflix-commons-util-0.3.0.jar;D:\maven\repository\.m2\repository\com\netflix\ribbon\ribbon-loadbalancer\2.2.5\ribbon-loadbalancer-2.2.5.jar;D:\maven\repository\.m2\repository\com\netflix\netflix-commons\netflix-statistics\0.1.1\netflix-statistics-0.1.1.jar;D:\maven\repository\.m2\repository\io\reactivex\rxjava\1.3.6\rxjava-1.3.6.jar;D:\maven\repository\.m2\repository\com\netflix\ribbon\ribbon-eureka\2.2.5\ribbon-eureka-2.2.5.jar;D:\maven\repository\.m2\repository\com\thoughtworks\xstream\xstream\1.4.10\xstream-1.4.10.jar;D:\maven\repository\.m2\repository\xmlpull\xmlpull\1.1.3.1\xmlpull-1.1.3.1.jar;D:\maven\repository\.m2\repository\xpp3\xpp3_min\1.1.4c\xpp3_min-1.1.4c.jar;D:\maven\repository\.m2\repository\org\springframework\cloud\spring-cloud-starter-netflix-hystrix\2.0.1.RELEASE\spring-cloud-starter-netflix-hystrix-2.0.1.RELEASE.jar;D:\maven\repository\.m2\repository\org\springframework\cloud\spring-cloud-netflix-ribbon\2.0.1.RELEASE\spring-cloud-netflix-ribbon-2.0.1.RELEASE.jar;D:\maven\repository\.m2\repository\com\netflix\hystrix\hystrix-core\1.5.12\hystrix-core-1.5.12.jar;D:\maven\repository\.m2\repository\com\netflix\hystrix\hystrix-serialization\1.5.12\hystrix-serialization-1.5.12.jar;D:\maven\repository\.m2\repository\com\fasterxml\jackson\module\jackson-module-afterburner\2.9.2\jackson-module-afterburner-2.9.2.jar;D:\maven\repository\.m2\repository\com\netflix\hystrix\hystrix-metrics-event-stream\1.5.12\hystrix-metrics-event-stream-1.5.12.jar;D:\maven\repository\.m2\repository\com\netflix\hystrix\hystrix-javanica\1.5.12\hystrix-javanica-1.5.12.jar;D:\maven\repository\.m2\repository\org\ow2\asm\asm\5.0.4\asm-5.0.4.jar;D:\maven\repository\.m2\repository\io\reactivex\rxjava-reactive-streams\1.2.1\rxjava-reactive-streams-1.2.1.jar;D:\maven\repository\.m2\repository\org\reactivestreams\reactive-streams\1.0.2\reactive-streams-1.0.2.jar;D:\maven\repository\.m2\repository\org\springframework\cloud\spring-cloud-starter-config\2.0.1.RELEASE\spring-cloud-starter-config-2.0.1.RELEASE.jar;D:\maven\repository\.m2\repository\org\springframework\cloud\spring-cloud-config-client\2.0.1.RELEASE\spring-cloud-config-client-2.0.1.RELEASE.jar;D:\maven\repository\.m2\repository\com\fasterxml\jackson\core\jackson-databind\2.9.2\jackson-databind-2.9.2.jar;D:\maven\repository\.m2\repository\io\springfox\springfox-swagger2\2.9.2\springfox-swagger2-2.9.2.jar;D:\maven\repository\.m2\repository\io\swagger\swagger-annotations\1.5.20\swagger-annotations-1.5.20.jar;D:\maven\repository\.m2\repository\io\swagger\swagger-models\1.5.20\swagger-models-1.5.20.jar;D:\maven\repository\.m2\repository\io\springfox\springfox-spi\2.9.2\springfox-spi-2.9.2.jar;D:\maven\repository\.m2\repository\io\springfox\springfox-core\2.9.2\springfox-core-2.9.2.jar;D:\maven\repository\.m2\repository\io\springfox\springfox-schema\2.9.2\springfox-schema-2.9.2.jar;D:\maven\repository\.m2\repository\io\springfox\springfox-swagger-common\2.9.2\springfox-swagger-common-2.9.2.jar;D:\maven\repository\.m2\repository\io\springfox\springfox-spring-web\2.9.2\springfox-spring-web-2.9.2.jar;D:\maven\repository\.m2\repository\com\google\guava\guava\20.0\guava-20.0.jar;D:\maven\repository\.m2\repository\com\fasterxml\classmate\1.3.4\classmate-1.3.4.jar;D:\maven\repository\.m2\repository\org\slf4j\slf4j-api\1.7.25\slf4j-api-1.7.25.jar;D:\maven\repository\.m2\repository\org\springframework\plugin\spring-plugin-core\1.2.0.RELEASE\spring-plugin-core-1.2.0.RELEASE.jar;D:\maven\repository\.m2\repository\org\springframework\plugin\spring-plugin-metadata\1.2.0.RELEASE\spring-plugin-metadata-1.2.0.RELEASE.jar;D:\maven\repository\.m2\repository\org\mapstruct\mapstruct\1.2.0.Final\mapstruct-1.2.0.Final.jar;D:\maven\repository\.m2\repository\io\springfox\springfox-swagger-ui\2.9.2\springfox-swagger-ui-2.9.2.jar;D:\maven\repository\.m2\repository\org\springframework\boot\spring-boot-starter-undertow\2.0.0.RELEASE\spring-boot-starter-undertow-2.0.0.RELEASE.jar;D:\maven\repository\.m2\repository\io\undertow\undertow-core\1.4.22.Final\undertow-core-1.4.22.Final.jar;D:\maven\repository\.m2\repository\org\jboss\xnio\xnio-api\3.3.8.Final\xnio-api-3.3.8.Final.jar;D:\maven\repository\.m2\repository\org\jboss\xnio\xnio-nio\3.3.8.Final\xnio-nio-3.3.8.Final.jar;D:\maven\repository\.m2\repository\io\undertow\undertow-servlet\1.4.22.Final\undertow-servlet-1.4.22.Final.jar;D:\maven\repository\.m2\repository\org\jboss\spec\javax\annotation\jboss-annotations-api_1.2_spec\1.0.0.Final\jboss-annotations-api_1.2_spec-1.0.0.Final.jar;D:\maven\repository\.m2\repository\io\undertow\undertow-websockets-jsr\1.4.22.Final\undertow-websockets-jsr-1.4.22.Final.jar;D:\maven\repository\.m2\repository\org\jboss\spec\javax\websocket\jboss-websocket-api_1.1_spec\1.1.0.Final\jboss-websocket-api_1.1_spec-1.1.0.Final.jar;D:\maven\repository\.m2\repository\javax\servlet\javax.servlet-api\3.1.0\javax.servlet-api-3.1.0.jar;D:\maven\repository\.m2\repository\org\glassfish\javax.el\3.0.0\javax.el-3.0.0.jar;D:\maven\repository\.m2\repository\com\alibaba\druid\1.1.6\druid-1.1.6.jar;D:\maven\repository\.m2\repository\org\springframework\cloud\spring-cloud-commons\2.0.1.RELEASE\spring-cloud-commons-2.0.1.RELEASE.jar;D:\maven\repository\.m2\repository\org\springframework\security\spring-security-crypto\5.0.3.RELEASE\spring-security-crypto-5.0.3.RELEASE.jar;D:\maven\repository\.m2\repository\mysql\mysql-connector-java\5.1.38\mysql-connector-java-5.1.38.jar;D:\maven\repository\.m2\repository\junit\junit\4.12\junit-4.12.jar;D:\maven\repository\.m2\repository\org\hamcrest\hamcrest-core\1.3\hamcrest-core-1.3.jar;D:\maven\repository\.m2\repository\org\springframework\boot\spring-boot-starter-aop\2.0.0.RELEASE\spring-boot-starter-aop-2.0.0.RELEASE.jar;D:\maven\repository\.m2\repository\org\springframework\spring-aop\5.0.4.RELEASE\spring-aop-5.0.4.RELEASE.jar;D:\maven\repository\.m2\repository\org\aspectj\aspectjweaver\1.8.13\aspectjweaver-1.8.13.jar;D:\maven\repository\.m2\repository\commons-io\commons-io\2.5\commons-io-2.5.jar;D:\maven\repository\.m2\repository\org\springframework\boot\spring-boot-starter-thymeleaf\2.0.0.RELEASE\spring-boot-starter-thymeleaf-2.0.0.RELEASE.jar;D:\maven\repository\.m2\repository\org\thymeleaf\thymeleaf-spring5\3.0.9.RELEASE\thymeleaf-spring5-3.0.9.RELEASE.jar;D:\maven\repository\.m2\repository\org\thymeleaf\thymeleaf\3.0.9.RELEASE\thymeleaf-3.0.9.RELEASE.jar;D:\maven\repository\.m2\repository\org\attoparser\attoparser\2.0.4.RELEASE\attoparser-2.0.4.RELEASE.jar;D:\maven\repository\.m2\repository\org\unbescape\unbescape\1.1.5.RELEASE\unbescape-1.1.5.RELEASE.jar;D:\maven\repository\.m2\repository\org\thymeleaf\extras\thymeleaf-extras-java8time\3.0.1.RELEASE\thymeleaf-extras-java8time-3.0.1.RELEASE.jar;D:\WorkSpance\pay\pay\pay-intf\target\pay-intf-1.0-SNAPSHOT.jar;D:\maven\repository\.m2\repository\org\springframework\cloud\spring-cloud-starter-openfeign\2.0.1.RELEASE\spring-cloud-starter-openfeign-2.0.1.RELEASE.jar;D:\maven\repository\.m2\repository\org\springframework\cloud\spring-cloud-openfeign-core\2.0.1.RELEASE\spring-cloud-openfeign-core-2.0.1.RELEASE.jar;D:\maven\repository\.m2\repository\io\github\openfeign\feign-core\9.5.1\feign-core-9.5.1.jar;D:\maven\repository\.m2\repository\io\github\openfeign\feign-slf4j\9.5.1\feign-slf4j-9.5.1.jar;D:\maven\repository\.m2\repository\io\github\openfeign\feign-hystrix\9.5.1\feign-hystrix-9.5.1.jar;D:\maven\repository\.m2\repository\io\github\openfeign\feign-java8\9.5.1\feign-java8-9.5.1.jar;D:\maven\repository\.m2\repository\com\fasterxml\jackson\dataformat\jackson-dataformat-xml\2.9.2\jackson-dataformat-xml-2.9.2.jar;D:\maven\repository\.m2\repository\com\fasterxml\jackson\module\jackson-module-jaxb-annotations\2.9.2\jackson-module-jaxb-annotations-2.9.2.jar;D:\maven\repository\.m2\repository\org\codehaus\woodstox\stax2-api\3.1.4\stax2-api-3.1.4.jar;D:\maven\repository\.m2\repository\com\fasterxml\woodstox\woodstox-core\5.0.3\woodstox-core-5.0.3.jar;D:\maven\repository\.m2\repository\javax\persistence\persistence-api\1.0\persistence-api-1.0.jar;D:\maven\repository\.m2\repository\javax\validation\validation-api\2.0.1.Final\validation-api-2.0.1.Final.jar;D:\maven\repository\.m2\repository\org\jdom\jdom\1.1.3\jdom-1.1.3.jar;D:\maven\repository\.m2\repository\org\springframework\cloud\spring-cloud-stream-binder-rabbit\2.0.1.RELEASE\spring-cloud-stream-binder-rabbit-2.0.1.RELEASE.jar;D:\maven\repository\.m2\repository\org\springframework\cloud\spring-cloud-stream-binder-rabbit-core\2.0.1.RELEASE\spring-cloud-stream-binder-rabbit-core-2.0.1.RELEASE.jar;D:\maven\repository\.m2\repository\com\rabbitmq\http-client\2.0.1.RELEASE\http-client-2.0.1.RELEASE.jar;D:\maven\repository\.m2\repository\org\springframework\spring-webflux\5.0.4.RELEASE\spring-webflux-5.0.4.RELEASE.jar;D:\maven\repository\.m2\repository\io\projectreactor\ipc\reactor-netty\0.7.5.RELEASE\reactor-netty-0.7.5.RELEASE.jar;D:\maven\repository\.m2\repository\io\netty\netty-handler\4.1.22.Final\netty-handler-4.1.22.Final.jar;D:\maven\repository\.m2\repository\io\netty\netty-handler-proxy\4.1.22.Final\netty-handler-proxy-4.1.22.Final.jar;D:\maven\repository\.m2\repository\io\netty\netty-codec-socks\4.1.22.Final\netty-codec-socks-4.1.22.Final.jar;D:\maven\repository\.m2\repository\org\springframework\cloud\spring-cloud-stream\2.0.1.RELEASE\spring-cloud-stream-2.0.1.RELEASE.jar;D:\maven\repository\.m2\repository\org\springframework\boot\spring-boot-starter-validation\2.0.0.RELEASE\spring-boot-starter-validation-2.0.0.RELEASE.jar;D:\maven\repository\.m2\repository\org\apache\tomcat\embed\tomcat-embed-el\8.5.28\tomcat-embed-el-8.5.28.jar;D:\maven\repository\.m2\repository\org\springframework\spring-messaging\5.0.4.RELEASE\spring-messaging-5.0.4.RELEASE.jar;D:\maven\repository\.m2\repository\org\springframework\spring-tuple\1.0.0.RELEASE\spring-tuple-1.0.0.RELEASE.jar;D:\maven\repository\.m2\repository\com\esotericsoftware\kryo-shaded\3.0.3\kryo-shaded-3.0.3.jar;D:\maven\repository\.m2\repository\com\esotericsoftware\minlog\1.3.0\minlog-1.3.0.jar;D:\maven\repository\.m2\repository\org\springframework\integration\spring-integration-tuple\1.0.0.RELEASE\spring-integration-tuple-1.0.0.RELEASE.jar;D:\maven\repository\.m2\repository\org\springframework\retry\spring-retry\1.2.2.RELEASE\spring-retry-1.2.2.RELEASE.jar;D:\maven\repository\.m2\repository\org\springframework\boot\spring-boot-starter-amqp\2.0.0.RELEASE\spring-boot-starter-amqp-2.0.0.RELEASE.jar;D:\maven\repository\.m2\repository\org\springframework\amqp\spring-rabbit\2.0.2.RELEASE\spring-rabbit-2.0.2.RELEASE.jar;D:\maven\repository\.m2\repository\org\springframework\amqp\spring-amqp\2.0.2.RELEASE\spring-amqp-2.0.2.RELEASE.jar;D:\maven\repository\.m2\repository\com\rabbitmq\amqp-client\5.1.2\amqp-client-5.1.2.jar;D:\maven\repository\.m2\repository\org\springframework\integration\spring-integration-amqp\5.0.3.RELEASE\spring-integration-amqp-5.0.3.RELEASE.jar;D:\maven\repository\.m2\repository\org\springframework\integration\spring-integration-core\5.0.3.RELEASE\spring-integration-core-5.0.3.RELEASE.jar;D:\maven\repository\.m2\repository\org\springframework\spring-tx\5.0.4.RELEASE\spring-tx-5.0.4.RELEASE.jar;D:\maven\repository\.m2\repository\io\projectreactor\reactor-core\3.1.5.RELEASE\reactor-core-3.1.5.RELEASE.jar;D:\maven\repository\.m2\repository\org\springframework\integration\spring-integration-jmx\5.0.3.RELEASE\spring-integration-jmx-5.0.3.RELEASE.jar;D:\maven\repository\.m2\repository\org\apache\commons\commons-lang3\3.7\commons-lang3-3.7.jar;D:\maven\repository\.m2\repository\com\alipay\alipay-sdk-java\3.0.0\alipay-sdk-java-3.0.0.jar;D:\maven\repository\.m2\repository\commons-logging\commons-logging\1.1.1\commons-logging-1.1.1.jar;D:\maven\repository\.m2\repository\com\alibaba\fastjson\1.2.41\fastjson-1.2.41.jar;D:\maven\repository\.m2\repository\org\springframework\boot\spring-boot-starter-test\2.0.0.RELEASE\spring-boot-starter-test-2.0.0.RELEASE.jar;D:\maven\repository\.m2\repository\org\springframework\boot\spring-boot-test\2.0.0.RELEASE\spring-boot-test-2.0.0.RELEASE.jar;D:\maven\repository\.m2\repository\org\springframework\boot\spring-boot-test-autoconfigure\2.0.0.RELEASE\spring-boot-test-autoconfigure-2.0.0.RELEASE.jar;D:\maven\repository\.m2\repository\com\jayway\jsonpath\json-path\2.4.0\json-path-2.4.0.jar;D:\maven\repository\.m2\repository\net\minidev\json-smart\2.3\json-smart-2.3.jar;D:\maven\repository\.m2\repository\net\minidev\accessors-smart\1.2\accessors-smart-1.2.jar;D:\maven\repository\.m2\repository\org\assertj\assertj-core\3.9.1\assertj-core-3.9.1.jar;D:\maven\repository\.m2\repository\org\mockito\mockito-core\2.15.0\mockito-core-2.15.0.jar;D:\maven\repository\.m2\repository\net\bytebuddy\byte-buddy\1.7.10\byte-buddy-1.7.10.jar;D:\maven\repository\.m2\repository\net\bytebuddy\byte-buddy-agent\1.7.10\byte-buddy-agent-1.7.10.jar;D:\maven\repository\.m2\repository\org\objenesis\objenesis\2.6\objenesis-2.6.jar;D:\maven\repository\.m2\repository\org\hamcrest\hamcrest-library\1.3\hamcrest-library-1.3.jar;D:\maven\repository\.m2\repository\org\skyscreamer\jsonassert\1.5.0\jsonassert-1.5.0.jar;D:\maven\repository\.m2\repository\com\vaadin\external\google\android-json\0.0.20131108.vaadin1\android-json-0.0.20131108.vaadin1.jar;D:\maven\repository\.m2\repository\org\springframework\spring-core\5.0.4.RELEASE\spring-core-5.0.4.RELEASE.jar;D:\maven\repository\.m2\repository\org\springframework\spring-jcl\5.0.4.RELEASE\spring-jcl-5.0.4.RELEASE.jar;D:\maven\repository\.m2\repository\org\springframework\spring-test\5.0.4.RELEASE\spring-test-5.0.4.RELEASE.jar;D:\maven\repository\.m2\repository\org\xmlunit\xmlunit-core\2.5.1\xmlunit-core-2.5.1.jar;D:\maven\repository\.m2\repository\org\projectlombok\lombok\1.16.16\lombok-1.16.16.jar;"/>
    <property name="sun.cpu.endian" value="little"/>
    <property name="user.home" value="C:\Users\wisedu"/>
    <property name="user.language" value="zh"/>
    <property name="java.specification.vendor" value="Oracle Corporation"/>
    <property name="java.home" value="C:\Program Files\Java\jdk1.8.0_91\jre"/>
    <property name="basedir" value="D:\WorkSpance\pay\pay\pay-service"/>
    <property name="file.separator" value="\"/>
    <property name="line.separator" value="&#10;"/>
    <property name="java.vm.specification.vendor" value="Oracle Corporation"/>
    <property name="java.specification.name" value="Java Platform API Specification"/>
    <property name="java.awt.graphicsenv" value="sun.awt.Win32GraphicsEnvironment"/>
    <property name="surefire.real.class.path" value="C:\Users\wisedu\AppData\Local\Temp\surefire8227203620871400585\surefirebooter1597028325772222772.jar"/>
    <property name="sun.boot.class.path" value="C:\Program Files\Java\jdk1.8.0_91\jre\lib\resources.jar;C:\Program Files\Java\jdk1.8.0_91\jre\lib\rt.jar;C:\Program Files\Java\jdk1.8.0_91\jre\lib\sunrsasign.jar;C:\Program Files\Java\jdk1.8.0_91\jre\lib\jsse.jar;C:\Program Files\Java\jdk1.8.0_91\jre\lib\jce.jar;C:\Program Files\Java\jdk1.8.0_91\jre\lib\charsets.jar;C:\Program Files\Java\jdk1.8.0_91\jre\lib\jfr.jar;C:\Program Files\Java\jdk1.8.0_91\jre\classes"/>
    <property name="user.script" value=""/>
    <property name="sun.management.compiler" value="HotSpot 64-Bit Tiered Compilers"/>
    <property name="java.runtime.version" value="1.8.0_91-b15"/>
    <property name="user.name" value="wisedu"/>
    <property name="path.separator" value=";"/>
    <property name="os.version" value="10.0"/>
    <property name="java.endorsed.dirs" value="C:\Program Files\Java\jdk1.8.0_91\jre\lib\endorsed"/>
    <property name="java.runtime.name" value="Java(TM) SE Runtime Environment"/>
    <property name="file.encoding" value="GBK"/>
    <property name="java.vm.name" value="Java HotSpot(TM) 64-Bit Server VM"/>
    <property name="localRepository" value="D:\maven\repository\.m2\repository"/>
    <property name="java.vendor.url.bug" value="http://bugreport.sun.com/bugreport/"/>
    <property name="java.io.tmpdir" value="C:\Users\wisedu\AppData\Local\Temp\"/>
    <property name="idea.version" value="2018.1.5"/>
    <property name="java.version" value="1.8.0_91"/>
    <property name="user.dir" value="D:\WorkSpance\pay\pay\pay-service"/>
    <property name="os.arch" value="amd64"/>
    <property name="java.vm.specification.name" value="Java Virtual Machine Specification"/>
    <property name="java.awt.printerjob" value="sun.awt.windows.WPrinterJob"/>
    <property name="sun.os.patch.level" value=""/>
    <property name="java.library.path" value="C:\Program Files\Java\jdk1.8.0_91\jre\bin;C:\WINDOWS\Sun\Java\bin;C:\WINDOWS\system32;C:\WINDOWS;C:\Program Files (x86)\Common Files\Oracle\Java\javapath;C:\Program Files (x86)\Intel\iCLS Client\;C:\Program Files\Intel\iCLS Client\;C:\WINDOWS\system32;C:\WINDOWS;C:\WINDOWS\System32\Wbem;C:\WINDOWS\System32\WindowsPowerShell\v1.0\;C:\Program Files (x86)\Intel\Intel(R) Management Engine Components\DAL;C:\Program Files\Intel\Intel(R) Management Engine Components\DAL;C:\Program Files (x86)\Intel\Intel(R) Management Engine Components\IPT;C:\Program Files\Intel\Intel(R) Management Engine Components\IPT;&quot;C:\Program Files\Java\jdk-10.0.1\bin;C:\Program Files\Java\jdk-10.0.1\jre\bin&quot;;D:\maven\apache-maven-3.5.4-bin\apache-maven-3.5.4\bin;C:\WINDOWS\System32\OpenSSH\;D:\git\Git\cmd;D:\Oracle\instantclient_11_2;C:\tomcat\bin;D:\Nexus\nexus-3.15.2-01-win64\nexus-3.15.2-01\bin;C:\Program Files\TortoiseSVN\bin;C:\Program Files\MySQL\MySQL Utilities 1.6\;%C:\Program Files\erl10.0.1%\bin;C:\Program Files\RabbitMQ Server\rabbitmq_server-3.7.7\bin;C:\Users\wisedu\AppData\Local\Microsoft\WindowsApps;;."/>
    <property name="java.vm.info" value="mixed mode"/>
    <property name="java.vendor" value="Oracle Corporation"/>
    <property name="java.vm.version" value="25.91-b15"/>
    <property name="java.ext.dirs" value="C:\Program Files\Java\jdk1.8.0_91\jre\lib\ext;C:\WINDOWS\Sun\Java\lib\ext"/>
    <property name="sun.io.unicode.encoding" value="UnicodeLittle"/>
    <property name="java.class.version" value="52.0"/>
  </properties>
  <testcase name="test" classname="com.zhonghuilv.aitravel.pay.service.supports.test.WeixinPolicyTest" time="0.607">
    <error message="该小程序未配置对应商户号！" type="com.zhonghuilv.aitravel.common.excption.DataNotAvailableException">com.zhonghuilv.aitravel.common.excption.DataNotAvailableException: 该小程序未配置对应商户号！
</error>
    <system-out><![CDATA[2019-05-24 22:01:30.344  INFO 5220 --- [           main] s.c.a.AnnotationConfigApplicationContext : Refreshing org.springframework.context.annotation.AnnotationConfigApplicationContext@36546a22: startup date [Fri May 24 22:01:30 CST 2019]; root of context hierarchy
2019-05-24 22:01:30.652  INFO 5220 --- [           main] f.a.AutowiredAnnotationBeanPostProcessor : JSR-330 'javax.inject.Inject' annotation found and supported for autowiring
2019-05-24 22:01:30.732  INFO 5220 --- [           main] trationDelegate$BeanPostProcessorChecker : Bean 'configurationPropertiesRebinderAutoConfiguration' of type [org.springframework.cloud.autoconfigure.ConfigurationPropertiesRebinderAutoConfiguration$$EnhancerBySpringCGLIB$$9fbf01d0] is not eligible for getting processed by all BeanPostProcessors (for example: not eligible for auto-proxying)

  .   ____          _            __ _ _
 /\\ / ___'_ __ _ _(_)_ __  __ _ \ \ \ \
( ( )\___ | '_ | '_| | '_ \/ _` | \ \ \ \
 \\/  ___)| |_)| | | | | || (_| |  ) ) ) )
  '  |____| .__|_| |_|_| |_\__, | / / / /
 =========|_|==============|___/=/_/_/_/
 :: Spring Boot ::        (v2.0.0.RELEASE)

2019-05-24 22:01:31.237  INFO 5220 --- [           main] c.c.c.ConfigServicePropertySourceLocator : Fetching config from server at : http://localhost:8888
2019-05-24 22:01:32.358  INFO 5220 --- [           main] c.c.c.ConfigServicePropertySourceLocator : Connect Timeout Exception on Url - http://localhost:8888. Will be trying the next url if available
2019-05-24 22:01:32.358  WARN 5220 --- [           main] c.c.c.ConfigServicePropertySourceLocator : Could not locate PropertySource: I/O error on GET request for "http://localhost:8888/pay-service/dev": Connection refused: connect; nested exception is java.net.ConnectException: Connection refused: connect
2019-05-24 22:01:32.369  INFO 5220 --- [           main] c.z.a.p.s.s.test.WeixinPolicyTest        : The following profiles are active: dev
2019-05-24 22:01:32.373  INFO 5220 --- [           main] o.s.w.c.s.GenericWebApplicationContext   : Refreshing org.springframework.web.context.support.GenericWebApplicationContext@5cbd159f: startup date [Fri May 24 22:01:32 CST 2019]; parent: org.springframework.context.annotation.AnnotationConfigApplicationContext@36546a22
2019-05-24 22:01:33.640  INFO 5220 --- [           main] o.s.i.config.IntegrationRegistrar        : No bean named 'integrationHeaderChannelRegistry' has been explicitly defined. Therefore, a default DefaultHeaderChannelRegistry will be created.
2019-05-24 22:01:34.877  INFO 5220 --- [           main] o.s.cloud.context.scope.GenericScope     : BeanFactory id=2b5b8138-24f8-3aea-9f3c-dcf4918557c2
2019-05-24 22:01:35.008  INFO 5220 --- [           main] faultConfiguringBeanFactoryPostProcessor : No bean named 'errorChannel' has been explicitly defined. Therefore, a default PublishSubscribeChannel will be created.
2019-05-24 22:01:35.011  INFO 5220 --- [           main] faultConfiguringBeanFactoryPostProcessor : No bean named 'taskScheduler' has been explicitly defined. Therefore, a default ThreadPoolTaskScheduler will be created.
2019-05-24 22:01:35.034  INFO 5220 --- [           main] f.a.AutowiredAnnotationBeanPostProcessor : JSR-330 'javax.inject.Inject' annotation found and supported for autowiring
2019-05-24 22:01:35.111  INFO 5220 --- [           main] trationDelegate$BeanPostProcessorChecker : Bean 'payServiceApplication' of type [com.zhonghuilv.aitravel.PayServiceApplication$$EnhancerBySpringCGLIB$$3b9da8c4] is not eligible for getting processed by all BeanPostProcessors (for example: not eligible for auto-proxying)
2019-05-24 22:01:35.209  INFO 5220 --- [           main] trationDelegate$BeanPostProcessorChecker : Bean 'org.springframework.amqp.rabbit.annotation.RabbitBootstrapConfiguration' of type [org.springframework.amqp.rabbit.annotation.RabbitBootstrapConfiguration$$EnhancerBySpringCGLIB$$4a10bd01] is not eligible for getting processed by all BeanPostProcessors (for example: not eligible for auto-proxying)
2019-05-24 22:01:35.339  INFO 5220 --- [           main] trationDelegate$BeanPostProcessorChecker : Bean 'org.springframework.transaction.annotation.ProxyTransactionManagementConfiguration' of type [org.springframework.transaction.annotation.ProxyTransactionManagementConfiguration$$EnhancerBySpringCGLIB$$83a4fed3] is not eligible for getting processed by all BeanPostProcessors (for example: not eligible for auto-proxying)
2019-05-24 22:01:35.764  INFO 5220 --- [           main] trationDelegate$BeanPostProcessorChecker : Bean 'org.springframework.integration.config.IntegrationManagementConfiguration' of type [org.springframework.integration.config.IntegrationManagementConfiguration$$EnhancerBySpringCGLIB$$ee96ba02] is not eligible for getting processed by all BeanPostProcessors (for example: not eligible for auto-proxying)
2019-05-24 22:01:35.796  INFO 5220 --- [           main] trationDelegate$BeanPostProcessorChecker : Bean 'org.springframework.cloud.autoconfigure.ConfigurationPropertiesRebinderAutoConfiguration' of type [org.springframework.cloud.autoconfigure.ConfigurationPropertiesRebinderAutoConfiguration$$EnhancerBySpringCGLIB$$9fbf01d0] is not eligible for getting processed by all BeanPostProcessors (for example: not eligible for auto-proxying)
2019-05-24 22:01:36.319  INFO 5220 --- [           main] c.z.a.pay.service.config.MapperAspect    : MapperAspect build success
2019-05-24 22:01:37.193  INFO 5220 --- [           main] o.s.s.c.ThreadPoolTaskScheduler          : Initializing ExecutorService  'taskScheduler'
2019-05-24 22:01:38.517  INFO 5220 --- [           main] s.w.s.m.m.a.RequestMappingHandlerMapping : Mapped "{[/integral_account/_freeze],methods=[PATCH]}" onto public com.zhonghuilv.aitravel.pay.intf.pojo.IntegralAccount com.zhonghuilv.aitravel.pay.service.controller.IntegralAccountController.freezeIntegral(java.lang.Long,java.lang.Long,java.lang.Integer)
2019-05-24 22:01:38.519  INFO 5220 --- [           main] s.w.s.m.m.a.RequestMappingHandlerMapping : Mapped "{[/integral_account],methods=[PUT]}" onto public T com.zhonghuilv.aitravel.pay.service.controller.BasicController.update(T)
2019-05-24 22:01:38.520  INFO 5220 --- [           main] s.w.s.m.m.a.RequestMappingHandlerMapping : Mapped "{[/integral_account/{id}],methods=[DELETE]}" onto public boolean com.zhonghuilv.aitravel.pay.service.controller.BasicController.delete(java.lang.Long)
2019-05-24 22:01:38.521  INFO 5220 --- [           main] s.w.s.m.m.a.RequestMappingHandlerMapping : Mapped "{[/integral_account],methods=[POST]}" onto public T com.zhonghuilv.aitravel.pay.service.controller.BasicController.save(T)
2019-05-24 22:01:38.521  INFO 5220 --- [           main] s.w.s.m.m.a.RequestMappingHandlerMapping : Mapped "{[/integral_account/_load_count],methods=[POST]}" onto public int com.zhonghuilv.aitravel.pay.service.controller.BasicController.loadCount(T)
2019-05-24 22:01:38.522  INFO 5220 --- [           main] s.w.s.m.m.a.RequestMappingHandlerMapping : Mapped "{[/integral_account/_search_by_column_likely],methods=[POST]}" onto public com.github.pagehelper.PageInfo<T> com.zhonghuilv.aitravel.pay.service.controller.BasicController.searchByColumnNameLikely(com.zhonghuilv.aitravel.pay.intf.common.pojo.dto.PageQuery<T>,java.lang.String)
2019-05-24 22:01:38.523  INFO 5220 --- [           main] s.w.s.m.m.a.RequestMappingHandlerMapping : Mapped "{[/integral_account/_batch_update],methods=[POST]}" onto public int com.zhonghuilv.aitravel.pay.service.controller.BasicController.batchUpdate(com.zhonghuilv.aitravel.pay.intf.common.pojo.dto.BatchUpdateDTO<T>)
2019-05-24 22:01:38.525  INFO 5220 --- [           main] s.w.s.m.m.a.RequestMappingHandlerMapping : Mapped "{[/integral_account/_search_by_ids],methods=[POST]}" onto public java.util.List<T> com.zhonghuilv.aitravel.pay.service.controller.BasicController.searchByIds(java.util.List<java.lang.Long>)
2019-05-24 22:01:38.525  INFO 5220 --- [           main] s.w.s.m.m.a.RequestMappingHandlerMapping : Mapped "{[/integral_account],methods=[PATCH]}" onto public T com.zhonghuilv.aitravel.pay.service.controller.BasicController.updateSelective(T)
2019-05-24 22:01:38.526  INFO 5220 --- [           main] s.w.s.m.m.a.RequestMappingHandlerMapping : Mapped "{[/integral_account/_search],methods=[POST]}" onto public java.util.List<T> com.zhonghuilv.aitravel.pay.service.controller.BasicController.loadList(T)
2019-05-24 22:01:38.528  INFO 5220 --- [           main] s.w.s.m.m.a.RequestMappingHandlerMapping : Mapped "{[/integral_account/_batch_add],methods=[POST]}" onto public java.util.List<T> com.zhonghuilv.aitravel.pay.service.controller.BasicController.saveList(java.util.List<T>)
2019-05-24 22:01:38.528  INFO 5220 --- [           main] s.w.s.m.m.a.RequestMappingHandlerMapping : Mapped "{[/integral_account/_search_by_example],methods=[POST]}" onto public com.github.pagehelper.Page<T> com.zhonghuilv.aitravel.pay.service.controller.BasicController.searchByExample(com.zhonghuilv.aitravel.pay.intf.common.pojo.dto.QueryExample<T>)
2019-05-24 22:01:38.528  INFO 5220 --- [           main] s.w.s.m.m.a.RequestMappingHandlerMapping : Mapped "{[/integral_account/_search_one],methods=[POST]}" onto public T com.zhonghuilv.aitravel.pay.service.controller.BasicController.loadOne(T)
2019-05-24 22:01:38.529  INFO 5220 --- [           main] s.w.s.m.m.a.RequestMappingHandlerMapping : Mapped "{[/integral_account/{id}],methods=[GET]}" onto public T com.zhonghuilv.aitravel.pay.service.controller.BasicController.loadById(java.lang.Long)
2019-05-24 22:01:38.530  INFO 5220 --- [           main] s.w.s.m.m.a.RequestMappingHandlerMapping : Mapped "{[/integral_account/_search_page],methods=[POST]}" onto public com.github.pagehelper.PageInfo<T> com.zhonghuilv.aitravel.pay.service.controller.BasicController.loadPage(com.zhonghuilv.aitravel.pay.intf.common.pojo.dto.PageQuery<T>)
2019-05-24 22:01:38.536  INFO 5220 --- [           main] s.w.s.m.m.a.RequestMappingHandlerMapping : Mapped "{[/integral_history],methods=[PUT]}" onto public T com.zhonghuilv.aitravel.pay.service.controller.BasicController.update(T)
2019-05-24 22:01:38.536  INFO 5220 --- [           main] s.w.s.m.m.a.RequestMappingHandlerMapping : Mapped "{[/integral_history/{id}],methods=[DELETE]}" onto public boolean com.zhonghuilv.aitravel.pay.service.controller.BasicController.delete(java.lang.Long)
2019-05-24 22:01:38.537  INFO 5220 --- [           main] s.w.s.m.m.a.RequestMappingHandlerMapping : Mapped "{[/integral_history],methods=[POST]}" onto public T com.zhonghuilv.aitravel.pay.service.controller.BasicController.save(T)
2019-05-24 22:01:38.538  INFO 5220 --- [           main] s.w.s.m.m.a.RequestMappingHandlerMapping : Mapped "{[/integral_history/_load_count],methods=[POST]}" onto public int com.zhonghuilv.aitravel.pay.service.controller.BasicController.loadCount(T)
2019-05-24 22:01:38.538  INFO 5220 --- [           main] s.w.s.m.m.a.RequestMappingHandlerMapping : Mapped "{[/integral_history/_search_by_column_likely],methods=[POST]}" onto public com.github.pagehelper.PageInfo<T> com.zhonghuilv.aitravel.pay.service.controller.BasicController.searchByColumnNameLikely(com.zhonghuilv.aitravel.pay.intf.common.pojo.dto.PageQuery<T>,java.lang.String)
2019-05-24 22:01:38.539  INFO 5220 --- [           main] s.w.s.m.m.a.RequestMappingHandlerMapping : Mapped "{[/integral_history/_batch_update],methods=[POST]}" onto public int com.zhonghuilv.aitravel.pay.service.controller.BasicController.batchUpdate(com.zhonghuilv.aitravel.pay.intf.common.pojo.dto.BatchUpdateDTO<T>)
2019-05-24 22:01:38.540  INFO 5220 --- [           main] s.w.s.m.m.a.RequestMappingHandlerMapping : Mapped "{[/integral_history/_search_by_ids],methods=[POST]}" onto public java.util.List<T> com.zhonghuilv.aitravel.pay.service.controller.BasicController.searchByIds(java.util.List<java.lang.Long>)
2019-05-24 22:01:38.540  INFO 5220 --- [           main] s.w.s.m.m.a.RequestMappingHandlerMapping : Mapped "{[/integral_history],methods=[PATCH]}" onto public T com.zhonghuilv.aitravel.pay.service.controller.BasicController.updateSelective(T)
2019-05-24 22:01:38.541  INFO 5220 --- [           main] s.w.s.m.m.a.RequestMappingHandlerMapping : Mapped "{[/integral_history/_search],methods=[POST]}" onto public java.util.List<T> com.zhonghuilv.aitravel.pay.service.controller.BasicController.loadList(T)
2019-05-24 22:01:38.542  INFO 5220 --- [           main] s.w.s.m.m.a.RequestMappingHandlerMapping : Mapped "{[/integral_history/_batch_add],methods=[POST]}" onto public java.util.List<T> com.zhonghuilv.aitravel.pay.service.controller.BasicController.saveList(java.util.List<T>)
2019-05-24 22:01:38.542  INFO 5220 --- [           main] s.w.s.m.m.a.RequestMappingHandlerMapping : Mapped "{[/integral_history/_search_by_example],methods=[POST]}" onto public com.github.pagehelper.Page<T> com.zhonghuilv.aitravel.pay.service.controller.BasicController.searchByExample(com.zhonghuilv.aitravel.pay.intf.common.pojo.dto.QueryExample<T>)
2019-05-24 22:01:38.543  INFO 5220 --- [           main] s.w.s.m.m.a.RequestMappingHandlerMapping : Mapped "{[/integral_history/_search_one],methods=[POST]}" onto public T com.zhonghuilv.aitravel.pay.service.controller.BasicController.loadOne(T)
2019-05-24 22:01:38.544  INFO 5220 --- [           main] s.w.s.m.m.a.RequestMappingHandlerMapping : Mapped "{[/integral_history/{id}],methods=[GET]}" onto public T com.zhonghuilv.aitravel.pay.service.controller.BasicController.loadById(java.lang.Long)
2019-05-24 22:01:38.544  INFO 5220 --- [           main] s.w.s.m.m.a.RequestMappingHandlerMapping : Mapped "{[/integral_history/_search_page],methods=[POST]}" onto public com.github.pagehelper.PageInfo<T> com.zhonghuilv.aitravel.pay.service.controller.BasicController.loadPage(com.zhonghuilv.aitravel.pay.intf.common.pojo.dto.PageQuery<T>)
2019-05-24 22:01:38.546  INFO 5220 --- [           main] s.w.s.m.m.a.RequestMappingHandlerMapping : Mapped "{[/order/_query_order_by_order_num],methods=[GET]}" onto public com.zhonghuilv.aitravel.pay.intf.pojo.YOrder com.zhonghuilv.aitravel.pay.service.controller.OrderController.queryOrderByOrderNum(java.lang.String)
2019-05-24 22:01:38.547  INFO 5220 --- [           main] s.w.s.m.m.a.RequestMappingHandlerMapping : Mapped "{[/order/_query_order_by_id],methods=[GET]}" onto public com.zhonghuilv.aitravel.pay.intf.pojo.dto.YOrderDetailPo com.zhonghuilv.aitravel.pay.service.controller.OrderController.queryOrderById(java.lang.Long)
2019-05-24 22:01:38.553  INFO 5220 --- [           main] s.w.s.m.m.a.RequestMappingHandlerMapping : Mapped "{[/pay_core/_test],methods=[GET]}" onto public java.lang.String com.zhonghuilv.aitravel.pay.service.controller.PayCoreController.test(java.lang.String)
2019-05-24 22:01:38.554  INFO 5220 --- [           main] s.w.s.m.m.a.RequestMappingHandlerMapping : Mapped "{[/pay_core/load_order_by_order_no],methods=[GET]}" onto public com.zhonghuilv.aitravel.pay.intf.pojo.TradePaymentOrder com.zhonghuilv.aitravel.pay.service.controller.PayCoreController.loadOrderByOrderNo(java.lang.String)
2019-05-24 22:01:38.554  INFO 5220 --- [           main] s.w.s.m.m.a.RequestMappingHandlerMapping : Mapped "{[/pay_core/ref_order_status],methods=[GET]}" onto public com.zhonghuilv.aitravel.pay.intf.pojo.TradePaymentOrder com.zhonghuilv.aitravel.pay.service.controller.PayCoreController.refOrderStatus(java.lang.String)
2019-05-24 22:01:38.555  INFO 5220 --- [           main] s.w.s.m.m.a.RequestMappingHandlerMapping : Mapped "{[/pay_core/_search_orderNos],methods=[POST]}" onto public java.util.List<com.zhonghuilv.aitravel.pay.intf.pojo.TradePaymentOrder> com.zhonghuilv.aitravel.pay.service.controller.PayCoreController.loadByOrderNos(java.util.List<java.lang.String>)
2019-05-24 22:01:38.556  INFO 5220 --- [           main] s.w.s.m.m.a.RequestMappingHandlerMapping : Mapped "{[/pay_core/_init_order_params],methods=[POST]}" onto public java.lang.String com.zhonghuilv.aitravel.pay.service.controller.PayCoreController.initOrderParams(com.zhonghuilv.aitravel.pay.intf.PayParams)
2019-05-24 22:01:38.556  INFO 5220 --- [           main] s.w.s.m.m.a.RequestMappingHandlerMapping : Mapped "{[/pay_core/callback],methods=[POST]}" onto public java.lang.String com.zhonghuilv.aitravel.pay.service.controller.PayCoreController.payCallback(com.zhonghuilv.aitravel.pay.intf.pojo.dto.ParseDTO)
2019-05-24 22:01:38.560  INFO 5220 --- [           main] s.w.s.m.m.a.RequestMappingHandlerMapping : Mapped "{[/refund_record/_apply],methods=[POST]}" onto public com.zhonghuilv.aitravel.pay.intf.pojo.RefundRecord com.zhonghuilv.aitravel.pay.service.controller.RefundRecordController.apply(com.zhonghuilv.aitravel.pay.intf.pojo.dto.RefundParamDTO)
2019-05-24 22:01:38.561  INFO 5220 --- [           main] s.w.s.m.m.a.RequestMappingHandlerMapping : Mapped "{[/refund_record/_audit],methods=[POST]}" onto public boolean com.zhonghuilv.aitravel.pay.service.controller.RefundRecordController.audit(com.zhonghuilv.aitravel.pay.intf.pojo.dto.RefundAuditDTO)
2019-05-24 22:01:38.561  INFO 5220 --- [           main] s.w.s.m.m.a.RequestMappingHandlerMapping : Mapped "{[/refund_record/_refund],methods=[POST]}" onto public boolean com.zhonghuilv.aitravel.pay.service.controller.RefundRecordController.refund(com.zhonghuilv.aitravel.pay.intf.pojo.dto.RefundParamDTO)
2019-05-24 22:01:38.564  INFO 5220 --- [           main] s.w.s.m.m.a.RequestMappingHandlerMapping : Mapped "{[/show/result],methods=[POST]}" onto public org.springframework.web.servlet.ModelAndView com.zhonghuilv.aitravel.pay.service.controller.ShowController.result(org.springframework.ui.ModelMap)
2019-05-24 22:01:38.565  INFO 5220 --- [           main] s.w.s.m.m.a.RequestMappingHandlerMapping : Mapped "{[/show/timeout],methods=[GET]}" onto public java.lang.String com.zhonghuilv.aitravel.pay.service.controller.ShowController.timeout(java.lang.Long)
2019-05-24 22:01:38.565  INFO 5220 --- [           main] s.w.s.m.m.a.RequestMappingHandlerMapping : Mapped "{[/show/{username}],methods=[GET]}" onto public java.lang.String com.zhonghuilv.aitravel.pay.service.controller.ShowController.username(java.lang.String)
2019-05-24 22:01:38.566  INFO 5220 --- [           main] s.w.s.m.m.a.RequestMappingHandlerMapping : Mapped "{[/show/page],methods=[GET]}" onto public org.springframework.web.servlet.ModelAndView com.zhonghuilv.aitravel.pay.service.controller.ShowController.page(javax.servlet.http.HttpServletRequest,javax.servlet.http.HttpServletResponse)
2019-05-24 22:01:38.566  INFO 5220 --- [           main] s.w.s.m.m.a.RequestMappingHandlerMapping : Mapped "{[/show/get_form],methods=[POST]}" onto public java.lang.String com.zhonghuilv.aitravel.pay.service.controller.ShowController.get_form(javax.servlet.http.HttpServletRequest,javax.servlet.http.HttpServletResponse) throws java.io.IOException
2019-05-24 22:01:38.567  INFO 5220 --- [           main] s.w.s.m.m.a.RequestMappingHandlerMapping : Mapped "{[/show/send_steam],methods=[GET]}" onto public org.springframework.messaging.Message<com.zhonghuilv.aitravel.pay.intf.pojo.dto.PayMessage> com.zhonghuilv.aitravel.pay.service.controller.ShowController.sendStreamMsg(java.lang.String,java.lang.String,java.lang.String,java.lang.String)
2019-05-24 22:01:38.568  INFO 5220 --- [           main] s.w.s.m.m.a.RequestMappingHandlerMapping : Mapped "{[/show/aa],methods=[GET]}" onto public java.lang.String com.zhonghuilv.aitravel.pay.service.controller.ShowController.aa()
2019-05-24 22:01:38.568  INFO 5220 --- [           main] s.w.s.m.m.a.RequestMappingHandlerMapping : Mapped "{[/show/send],methods=[GET]}" onto public com.zhonghuilv.aitravel.pay.intf.pojo.dto.PayMessage com.zhonghuilv.aitravel.pay.service.controller.ShowController.sendMsg(java.lang.String,java.lang.String,java.lang.String,java.lang.String)
2019-05-24 22:01:38.574  INFO 5220 --- [           main] s.w.s.m.m.a.RequestMappingHandlerMapping : Mapped "{[/wechat_mch/child],methods=[POST]}" onto public com.zhonghuilv.aitravel.pay.intf.pojo.WechatMch com.zhonghuilv.aitravel.pay.service.controller.WechatMchController.addChild(com.zhonghuilv.aitravel.pay.intf.pojo.WechatMch)
2019-05-24 22:01:38.575  INFO 5220 --- [           main] s.w.s.m.m.a.RequestMappingHandlerMapping : Mapped "{[/wechat_mch/{id}/_bind_app/{appid}],methods=[POST]}" onto public boolean com.zhonghuilv.aitravel.pay.service.controller.WechatMchController.bindApp(java.lang.Long,java.lang.String)
2019-05-24 22:01:38.576  INFO 5220 --- [           main] s.w.s.m.m.a.RequestMappingHandlerMapping : Mapped "{[/wechat_mch/{id}/_unbind_app/{appid}],methods=[POST]}" onto public boolean com.zhonghuilv.aitravel.pay.service.controller.WechatMchController.unbindApp(java.lang.Long,java.lang.String)
2019-05-24 22:01:38.577  INFO 5220 --- [           main] s.w.s.m.m.a.RequestMappingHandlerMapping : Mapped "{[/wechat_mch],methods=[PUT]}" onto public T com.zhonghuilv.aitravel.pay.service.controller.BasicController.update(T)
2019-05-24 22:01:38.579  INFO 5220 --- [           main] s.w.s.m.m.a.RequestMappingHandlerMapping : Mapped "{[/wechat_mch/{id}],methods=[DELETE]}" onto public boolean com.zhonghuilv.aitravel.pay.service.controller.BasicController.delete(java.lang.Long)
2019-05-24 22:01:38.580  INFO 5220 --- [           main] s.w.s.m.m.a.RequestMappingHandlerMapping : Mapped "{[/wechat_mch],methods=[POST]}" onto public T com.zhonghuilv.aitravel.pay.service.controller.BasicController.save(T)
2019-05-24 22:01:38.581  INFO 5220 --- [           main] s.w.s.m.m.a.RequestMappingHandlerMapping : Mapped "{[/wechat_mch/_load_count],methods=[POST]}" onto public int com.zhonghuilv.aitravel.pay.service.controller.BasicController.loadCount(T)
2019-05-24 22:01:38.582  INFO 5220 --- [           main] s.w.s.m.m.a.RequestMappingHandlerMapping : Mapped "{[/wechat_mch/_search_by_column_likely],methods=[POST]}" onto public com.github.pagehelper.PageInfo<T> com.zhonghuilv.aitravel.pay.service.controller.BasicController.searchByColumnNameLikely(com.zhonghuilv.aitravel.pay.intf.common.pojo.dto.PageQuery<T>,java.lang.String)
2019-05-24 22:01:38.583  INFO 5220 --- [           main] s.w.s.m.m.a.RequestMappingHandlerMapping : Mapped "{[/wechat_mch/_batch_update],methods=[POST]}" onto public int com.zhonghuilv.aitravel.pay.service.controller.BasicController.batchUpdate(com.zhonghuilv.aitravel.pay.intf.common.pojo.dto.BatchUpdateDTO<T>)
2019-05-24 22:01:38.583  INFO 5220 --- [           main] s.w.s.m.m.a.RequestMappingHandlerMapping : Mapped "{[/wechat_mch/_search_by_ids],methods=[POST]}" onto public java.util.List<T> com.zhonghuilv.aitravel.pay.service.controller.BasicController.searchByIds(java.util.List<java.lang.Long>)
2019-05-24 22:01:38.584  INFO 5220 --- [           main] s.w.s.m.m.a.RequestMappingHandlerMapping : Mapped "{[/wechat_mch],methods=[PATCH]}" onto public T com.zhonghuilv.aitravel.pay.service.controller.BasicController.updateSelective(T)
2019-05-24 22:01:38.585  INFO 5220 --- [           main] s.w.s.m.m.a.RequestMappingHandlerMapping : Mapped "{[/wechat_mch/_search],methods=[POST]}" onto public java.util.List<T> com.zhonghuilv.aitravel.pay.service.controller.BasicController.loadList(T)
2019-05-24 22:01:38.586  INFO 5220 --- [           main] s.w.s.m.m.a.RequestMappingHandlerMapping : Mapped "{[/wechat_mch/_batch_add],methods=[POST]}" onto public java.util.List<T> com.zhonghuilv.aitravel.pay.service.controller.BasicController.saveList(java.util.List<T>)
2019-05-24 22:01:38.587  INFO 5220 --- [           main] s.w.s.m.m.a.RequestMappingHandlerMapping : Mapped "{[/wechat_mch/_search_by_example],methods=[POST]}" onto public com.github.pagehelper.Page<T> com.zhonghuilv.aitravel.pay.service.controller.BasicController.searchByExample(com.zhonghuilv.aitravel.pay.intf.common.pojo.dto.QueryExample<T>)
2019-05-24 22:01:38.588  INFO 5220 --- [           main] s.w.s.m.m.a.RequestMappingHandlerMapping : Mapped "{[/wechat_mch/_search_one],methods=[POST]}" onto public T com.zhonghuilv.aitravel.pay.service.controller.BasicController.loadOne(T)
2019-05-24 22:01:38.588  INFO 5220 --- [           main] s.w.s.m.m.a.RequestMappingHandlerMapping : Mapped "{[/wechat_mch/{id}],methods=[GET]}" onto public T com.zhonghuilv.aitravel.pay.service.controller.BasicController.loadById(java.lang.Long)
2019-05-24 22:01:38.589  INFO 5220 --- [           main] s.w.s.m.m.a.RequestMappingHandlerMapping : Mapped "{[/wechat_mch/_search_page],methods=[POST]}" onto public com.github.pagehelper.PageInfo<T> com.zhonghuilv.aitravel.pay.service.controller.BasicController.loadPage(com.zhonghuilv.aitravel.pay.intf.common.pojo.dto.PageQuery<T>)
2019-05-24 22:01:38.595  INFO 5220 --- [           main] s.w.s.m.m.a.RequestMappingHandlerMapping : Mapped "{[/swagger-resources/configuration/security]}" onto public org.springframework.http.ResponseEntity<springfox.documentation.swagger.web.SecurityConfiguration> springfox.documentation.swagger.web.ApiResourceController.securityConfiguration()
2019-05-24 22:01:38.596  INFO 5220 --- [           main] s.w.s.m.m.a.RequestMappingHandlerMapping : Mapped "{[/swagger-resources]}" onto public org.springframework.http.ResponseEntity<java.util.List<springfox.documentation.swagger.web.SwaggerResource>> springfox.documentation.swagger.web.ApiResourceController.swaggerResources()
2019-05-24 22:01:38.597  INFO 5220 --- [           main] s.w.s.m.m.a.RequestMappingHandlerMapping : Mapped "{[/swagger-resources/configuration/ui]}" onto public org.springframework.http.ResponseEntity<springfox.documentation.swagger.web.UiConfiguration> springfox.documentation.swagger.web.ApiResourceController.uiConfiguration()
2019-05-24 22:01:38.602  INFO 5220 --- [           main] s.w.s.m.m.a.RequestMappingHandlerMapping : Mapped "{[/error]}" onto public org.springframework.http.ResponseEntity<java.util.Map<java.lang.String, java.lang.Object>> org.springframework.boot.autoconfigure.web.servlet.error.BasicErrorController.error(javax.servlet.http.HttpServletRequest)
2019-05-24 22:01:38.602  INFO 5220 --- [           main] s.w.s.m.m.a.RequestMappingHandlerMapping : Mapped "{[/error],produces=[text/html]}" onto public org.springframework.web.servlet.ModelAndView org.springframework.boot.autoconfigure.web.servlet.error.BasicErrorController.errorHtml(javax.servlet.http.HttpServletRequest,javax.servlet.http.HttpServletResponse)
2019-05-24 22:01:40.177  WARN 5220 --- [           main] c.n.c.sources.URLConfigurationSource     : No URLs will be polled as dynamic configuration sources.
2019-05-24 22:01:40.178  INFO 5220 --- [           main] c.n.c.sources.URLConfigurationSource     : To enable URLs as dynamic configuration sources, define System property archaius.configurationSource.additionalUrls or make config.properties available on classpath.
2019-05-24 22:01:40.202  INFO 5220 --- [           main] c.netflix.config.DynamicPropertyFactory  : DynamicPropertyFactory is initialized with configuration sources: com.netflix.config.ConcurrentCompositeConfiguration@757c685d
2019-05-24 22:01:40.698  INFO 5220 --- [           main] s.b.a.e.w.s.WebMvcEndpointHandlerMapping : Mapped "{[/actuator/archaius],methods=[GET],produces=[application/vnd.spring-boot.actuator.v2+json || application/json]}" onto public java.lang.Object org.springframework.boot.actuate.endpoint.web.servlet.AbstractWebMvcEndpointHandlerMapping$OperationHandler.handle(javax.servlet.http.HttpServletRequest,java.util.Map<java.lang.String, java.lang.String>)
2019-05-24 22:01:40.699  INFO 5220 --- [           main] s.b.a.e.w.s.WebMvcEndpointHandlerMapping : Mapped "{[/actuator/auditevents],methods=[GET],produces=[application/vnd.spring-boot.actuator.v2+json || application/json]}" onto public java.lang.Object org.springframework.boot.actuate.endpoint.web.servlet.AbstractWebMvcEndpointHandlerMapping$OperationHandler.handle(javax.servlet.http.HttpServletRequest,java.util.Map<java.lang.String, java.lang.String>)
2019-05-24 22:01:40.699  INFO 5220 --- [           main] s.b.a.e.w.s.WebMvcEndpointHandlerMapping : Mapped "{[/actuator/beans],methods=[GET],produces=[application/vnd.spring-boot.actuator.v2+json || application/json]}" onto public java.lang.Object org.springframework.boot.actuate.endpoint.web.servlet.AbstractWebMvcEndpointHandlerMapping$OperationHandler.handle(javax.servlet.http.HttpServletRequest,java.util.Map<java.lang.String, java.lang.String>)
2019-05-24 22:01:40.700  INFO 5220 --- [           main] s.b.a.e.w.s.WebMvcEndpointHandlerMapping : Mapped "{[/actuator/health],methods=[GET],produces=[application/vnd.spring-boot.actuator.v2+json || application/json]}" onto public java.lang.Object org.springframework.boot.actuate.endpoint.web.servlet.AbstractWebMvcEndpointHandlerMapping$OperationHandler.handle(javax.servlet.http.HttpServletRequest,java.util.Map<java.lang.String, java.lang.String>)
2019-05-24 22:01:40.700  INFO 5220 --- [           main] s.b.a.e.w.s.WebMvcEndpointHandlerMapping : Mapped "{[/actuator/conditions],methods=[GET],produces=[application/vnd.spring-boot.actuator.v2+json || application/json]}" onto public java.lang.Object org.springframework.boot.actuate.endpoint.web.servlet.AbstractWebMvcEndpointHandlerMapping$OperationHandler.handle(javax.servlet.http.HttpServletRequest,java.util.Map<java.lang.String, java.lang.String>)
2019-05-24 22:01:40.701  INFO 5220 --- [           main] s.b.a.e.w.s.WebMvcEndpointHandlerMapping : Mapped "{[/actuator/configprops],methods=[GET],produces=[application/vnd.spring-boot.actuator.v2+json || application/json]}" onto public java.lang.Object org.springframework.boot.actuate.endpoint.web.servlet.AbstractWebMvcEndpointHandlerMapping$OperationHandler.handle(javax.servlet.http.HttpServletRequest,java.util.Map<java.lang.String, java.lang.String>)
2019-05-24 22:01:40.701  INFO 5220 --- [           main] s.b.a.e.w.s.WebMvcEndpointHandlerMapping : Mapped "{[/actuator/env],methods=[GET],produces=[application/vnd.spring-boot.actuator.v2+json || application/json]}" onto public java.lang.Object org.springframework.boot.actuate.endpoint.web.servlet.AbstractWebMvcEndpointHandlerMapping$OperationHandler.handle(javax.servlet.http.HttpServletRequest,java.util.Map<java.lang.String, java.lang.String>)
2019-05-24 22:01:40.702  INFO 5220 --- [           main] s.b.a.e.w.s.WebMvcEndpointHandlerMapping : Mapped "{[/actuator/env/{toMatch}],methods=[GET],produces=[application/vnd.spring-boot.actuator.v2+json || application/json]}" onto public java.lang.Object org.springframework.boot.actuate.endpoint.web.servlet.AbstractWebMvcEndpointHandlerMapping$OperationHandler.handle(javax.servlet.http.HttpServletRequest,java.util.Map<java.lang.String, java.lang.String>)
2019-05-24 22:01:40.703  INFO 5220 --- [           main] s.b.a.e.w.s.WebMvcEndpointHandlerMapping : Mapped "{[/actuator/env],methods=[POST],consumes=[application/vnd.spring-boot.actuator.v2+json || application/json],produces=[application/vnd.spring-boot.actuator.v2+json || application/json]}" onto public java.lang.Object org.springframework.boot.actuate.endpoint.web.servlet.AbstractWebMvcEndpointHandlerMapping$OperationHandler.handle(javax.servlet.http.HttpServletRequest,java.util.Map<java.lang.String, java.lang.String>)
2019-05-24 22:01:40.704  INFO 5220 --- [           main] s.b.a.e.w.s.WebMvcEndpointHandlerMapping : Mapped "{[/actuator/env],methods=[DELETE],produces=[application/vnd.spring-boot.actuator.v2+json || application/json]}" onto public java.lang.Object org.springframework.boot.actuate.endpoint.web.servlet.AbstractWebMvcEndpointHandlerMapping$OperationHandler.handle(javax.servlet.http.HttpServletRequest,java.util.Map<java.lang.String, java.lang.String>)
2019-05-24 22:01:40.705  INFO 5220 --- [           main] s.b.a.e.w.s.WebMvcEndpointHandlerMapping : Mapped "{[/actuator/info],methods=[GET],produces=[application/vnd.spring-boot.actuator.v2+json || application/json]}" onto public java.lang.Object org.springframework.boot.actuate.endpoint.web.servlet.AbstractWebMvcEndpointHandlerMapping$OperationHandler.handle(javax.servlet.http.HttpServletRequest,java.util.Map<java.lang.String, java.lang.String>)
2019-05-24 22:01:40.705  INFO 5220 --- [           main] s.b.a.e.w.s.WebMvcEndpointHandlerMapping : Mapped "{[/actuator/loggers],methods=[GET],produces=[application/vnd.spring-boot.actuator.v2+json || application/json]}" onto public java.lang.Object org.springframework.boot.actuate.endpoint.web.servlet.AbstractWebMvcEndpointHandlerMapping$OperationHandler.handle(javax.servlet.http.HttpServletRequest,java.util.Map<java.lang.String, java.lang.String>)
2019-05-24 22:01:40.706  INFO 5220 --- [           main] s.b.a.e.w.s.WebMvcEndpointHandlerMapping : Mapped "{[/actuator/loggers/{name}],methods=[POST],consumes=[application/vnd.spring-boot.actuator.v2+json || application/json]}" onto public java.lang.Object org.springframework.boot.actuate.endpoint.web.servlet.AbstractWebMvcEndpointHandlerMapping$OperationHandler.handle(javax.servlet.http.HttpServletRequest,java.util.Map<java.lang.String, java.lang.String>)
2019-05-24 22:01:40.706  INFO 5220 --- [           main] s.b.a.e.w.s.WebMvcEndpointHandlerMapping : Mapped "{[/actuator/loggers/{name}],methods=[GET],produces=[application/vnd.spring-boot.actuator.v2+json || application/json]}" onto public java.lang.Object org.springframework.boot.actuate.endpoint.web.servlet.AbstractWebMvcEndpointHandlerMapping$OperationHandler.handle(javax.servlet.http.HttpServletRequest,java.util.Map<java.lang.String, java.lang.String>)
2019-05-24 22:01:40.707  INFO 5220 --- [           main] s.b.a.e.w.s.WebMvcEndpointHandlerMapping : Mapped "{[/actuator/heapdump],methods=[GET],produces=[application/octet-stream]}" onto public java.lang.Object org.springframework.boot.actuate.endpoint.web.servlet.AbstractWebMvcEndpointHandlerMapping$OperationHandler.handle(javax.servlet.http.HttpServletRequest,java.util.Map<java.lang.String, java.lang.String>)
2019-05-24 22:01:40.707  INFO 5220 --- [           main] s.b.a.e.w.s.WebMvcEndpointHandlerMapping : Mapped "{[/actuator/threaddump],methods=[GET],produces=[application/vnd.spring-boot.actuator.v2+json || application/json]}" onto public java.lang.Object org.springframework.boot.actuate.endpoint.web.servlet.AbstractWebMvcEndpointHandlerMapping$OperationHandler.handle(javax.servlet.http.HttpServletRequest,java.util.Map<java.lang.String, java.lang.String>)
2019-05-24 22:01:40.708  INFO 5220 --- [           main] s.b.a.e.w.s.WebMvcEndpointHandlerMapping : Mapped "{[/actuator/metrics],methods=[GET],produces=[application/vnd.spring-boot.actuator.v2+json || application/json]}" onto public java.lang.Object org.springframework.boot.actuate.endpoint.web.servlet.AbstractWebMvcEndpointHandlerMapping$OperationHandler.handle(javax.servlet.http.HttpServletRequest,java.util.Map<java.lang.String, java.lang.String>)
2019-05-24 22:01:40.709  INFO 5220 --- [           main] s.b.a.e.w.s.WebMvcEndpointHandlerMapping : Mapped "{[/actuator/metrics/{requiredMetricName}],methods=[GET],produces=[application/vnd.spring-boot.actuator.v2+json || application/json]}" onto public java.lang.Object org.springframework.boot.actuate.endpoint.web.servlet.AbstractWebMvcEndpointHandlerMapping$OperationHandler.handle(javax.servlet.http.HttpServletRequest,java.util.Map<java.lang.String, java.lang.String>)
2019-05-24 22:01:40.709  INFO 5220 --- [           main] s.b.a.e.w.s.WebMvcEndpointHandlerMapping : Mapped "{[/actuator/scheduledtasks],methods=[GET],produces=[application/vnd.spring-boot.actuator.v2+json || application/json]}" onto public java.lang.Object org.springframework.boot.actuate.endpoint.web.servlet.AbstractWebMvcEndpointHandlerMapping$OperationHandler.handle(javax.servlet.http.HttpServletRequest,java.util.Map<java.lang.String, java.lang.String>)
2019-05-24 22:01:40.710  INFO 5220 --- [           main] s.b.a.e.w.s.WebMvcEndpointHandlerMapping : Mapped "{[/actuator/httptrace],methods=[GET],produces=[application/vnd.spring-boot.actuator.v2+json || application/json]}" onto public java.lang.Object org.springframework.boot.actuate.endpoint.web.servlet.AbstractWebMvcEndpointHandlerMapping$OperationHandler.handle(javax.servlet.http.HttpServletRequest,java.util.Map<java.lang.String, java.lang.String>)
2019-05-24 22:01:40.710  INFO 5220 --- [           main] s.b.a.e.w.s.WebMvcEndpointHandlerMapping : Mapped "{[/actuator/mappings],methods=[GET],produces=[application/vnd.spring-boot.actuator.v2+json || application/json]}" onto public java.lang.Object org.springframework.boot.actuate.endpoint.web.servlet.AbstractWebMvcEndpointHandlerMapping$OperationHandler.handle(javax.servlet.http.HttpServletRequest,java.util.Map<java.lang.String, java.lang.String>)
2019-05-24 22:01:40.711  INFO 5220 --- [           main] s.b.a.e.w.s.WebMvcEndpointHandlerMapping : Mapped "{[/actuator/refresh],methods=[POST],produces=[application/vnd.spring-boot.actuator.v2+json || application/json]}" onto public java.lang.Object org.springframework.boot.actuate.endpoint.web.servlet.AbstractWebMvcEndpointHandlerMapping$OperationHandler.handle(javax.servlet.http.HttpServletRequest,java.util.Map<java.lang.String, java.lang.String>)
2019-05-24 22:01:40.711  INFO 5220 --- [           main] s.b.a.e.w.s.WebMvcEndpointHandlerMapping : Mapped "{[/actuator/features],methods=[GET],produces=[application/vnd.spring-boot.actuator.v2+json || application/json]}" onto public java.lang.Object org.springframework.boot.actuate.endpoint.web.servlet.AbstractWebMvcEndpointHandlerMapping$OperationHandler.handle(javax.servlet.http.HttpServletRequest,java.util.Map<java.lang.String, java.lang.String>)
2019-05-24 22:01:40.712  INFO 5220 --- [           main] s.b.a.e.w.s.WebMvcEndpointHandlerMapping : Mapped "{[/actuator/service-registry],methods=[GET],produces=[application/vnd.spring-boot.actuator.v2+json || application/json]}" onto public java.lang.Object org.springframework.boot.actuate.endpoint.web.servlet.AbstractWebMvcEndpointHandlerMapping$OperationHandler.handle(javax.servlet.http.HttpServletRequest,java.util.Map<java.lang.String, java.lang.String>)
2019-05-24 22:01:40.713  INFO 5220 --- [           main] s.b.a.e.w.s.WebMvcEndpointHandlerMapping : Mapped "{[/actuator/service-registry],methods=[POST],consumes=[application/vnd.spring-boot.actuator.v2+json || application/json],produces=[application/vnd.spring-boot.actuator.v2+json || application/json]}" onto public java.lang.Object org.springframework.boot.actuate.endpoint.web.servlet.AbstractWebMvcEndpointHandlerMapping$OperationHandler.handle(javax.servlet.http.HttpServletRequest,java.util.Map<java.lang.String, java.lang.String>)
2019-05-24 22:01:40.713  INFO 5220 --- [           main] s.b.a.e.w.s.WebMvcEndpointHandlerMapping : Mapped "{[/actuator/bindings/{name}],methods=[POST],consumes=[application/vnd.spring-boot.actuator.v2+json || application/json]}" onto public java.lang.Object org.springframework.boot.actuate.endpoint.web.servlet.AbstractWebMvcEndpointHandlerMapping$OperationHandler.handle(javax.servlet.http.HttpServletRequest,java.util.Map<java.lang.String, java.lang.String>)
2019-05-24 22:01:40.713  INFO 5220 --- [           main] s.b.a.e.w.s.WebMvcEndpointHandlerMapping : Mapped "{[/actuator/bindings],methods=[GET],produces=[application/vnd.spring-boot.actuator.v2+json || application/json]}" onto public java.lang.Object org.springframework.boot.actuate.endpoint.web.servlet.AbstractWebMvcEndpointHandlerMapping$OperationHandler.handle(javax.servlet.http.HttpServletRequest,java.util.Map<java.lang.String, java.lang.String>)
2019-05-24 22:01:40.714  INFO 5220 --- [           main] s.b.a.e.w.s.WebMvcEndpointHandlerMapping : Mapped "{[/actuator/bindings/{name}],methods=[GET],produces=[application/vnd.spring-boot.actuator.v2+json || application/json]}" onto public java.lang.Object org.springframework.boot.actuate.endpoint.web.servlet.AbstractWebMvcEndpointHandlerMapping$OperationHandler.handle(javax.servlet.http.HttpServletRequest,java.util.Map<java.lang.String, java.lang.String>)
2019-05-24 22:01:40.714  INFO 5220 --- [           main] s.b.a.e.w.s.WebMvcEndpointHandlerMapping : Mapped "{[/actuator/channels],methods=[GET],produces=[application/vnd.spring-boot.actuator.v2+json || application/json]}" onto public java.lang.Object org.springframework.boot.actuate.endpoint.web.servlet.AbstractWebMvcEndpointHandlerMapping$OperationHandler.handle(javax.servlet.http.HttpServletRequest,java.util.Map<java.lang.String, java.lang.String>)
2019-05-24 22:01:40.717  INFO 5220 --- [           main] s.b.a.e.w.s.WebMvcEndpointHandlerMapping : Mapped "{[/actuator],methods=[GET],produces=[application/vnd.spring-boot.actuator.v2+json || application/json]}" onto protected java.util.Map<java.lang.String, java.util.Map<java.lang.String, org.springframework.boot.actuate.endpoint.web.Link>> org.springframework.boot.actuate.endpoint.web.servlet.WebMvcEndpointHandlerMapping.links(javax.servlet.http.HttpServletRequest,javax.servlet.http.HttpServletResponse)
2019-05-24 22:01:41.150  INFO 5220 --- [           main] pertySourcedRequestMappingHandlerMapping : Mapped URL path [/v2/api-docs] onto method [public org.springframework.http.ResponseEntity<springfox.documentation.spring.web.json.Json> springfox.documentation.swagger2.web.Swagger2Controller.getDocumentation(java.lang.String,javax.servlet.http.HttpServletRequest)]
2019-05-24 22:01:41.404  WARN 5220 --- [           main] c.n.c.sources.URLConfigurationSource     : No URLs will be polled as dynamic configuration sources.
2019-05-24 22:01:41.404  INFO 5220 --- [           main] c.n.c.sources.URLConfigurationSource     : To enable URLs as dynamic configuration sources, define System property archaius.configurationSource.additionalUrls or make config.properties available on classpath.
2019-05-24 22:01:41.672  INFO 5220 --- [           main] s.w.s.m.m.a.RequestMappingHandlerAdapter : Looking for @ControllerAdvice: org.springframework.web.context.support.GenericWebApplicationContext@5cbd159f: startup date [Fri May 24 22:01:32 CST 2019]; parent: org.springframework.context.annotation.AnnotationConfigApplicationContext@36546a22
2019-05-24 22:01:41.794  INFO 5220 --- [           main] o.s.w.s.handler.SimpleUrlHandlerMapping  : Mapped URL path [/webjars/**] onto handler of type [class org.springframework.web.servlet.resource.ResourceHttpRequestHandler]
2019-05-24 22:01:41.796  INFO 5220 --- [           main] o.s.w.s.handler.SimpleUrlHandlerMapping  : Mapped URL path [/**] onto handler of type [class org.springframework.web.servlet.resource.ResourceHttpRequestHandler]
2019-05-24 22:01:41.832  INFO 5220 --- [           main] .m.m.a.ExceptionHandlerExceptionResolver : Detected @ExceptionHandler methods in defaultExceptionHandler
2019-05-24 22:01:41.884  INFO 5220 --- [           main] o.s.w.s.handler.SimpleUrlHandlerMapping  : Mapped URL path [/**/favicon.ico] onto handler of type [class org.springframework.web.servlet.resource.ResourceHttpRequestHandler]
2019-05-24 22:01:44.554  INFO 5220 --- [           main] o.s.c.support.DefaultLifecycleProcessor  : Starting beans in phase -2147482648
2019-05-24 22:01:44.555  INFO 5220 --- [           main] o.s.c.support.DefaultLifecycleProcessor  : Starting beans in phase 0
2019-05-24 22:01:44.576  INFO 5220 --- [           main] o.s.i.endpoint.EventDrivenConsumer       : Adding {logging-channel-adapter:_org.springframework.integration.errorLogger} as a subscriber to the 'errorChannel' channel
2019-05-24 22:01:44.577  INFO 5220 --- [           main] o.s.i.channel.PublishSubscribeChannel    : Channel 'pay-service-1.errorChannel' has 1 subscriber(s).
2019-05-24 22:01:44.577  INFO 5220 --- [           main] o.s.i.endpoint.EventDrivenConsumer       : started _org.springframework.integration.errorLogger
2019-05-24 22:01:44.577  INFO 5220 --- [           main] o.s.c.support.DefaultLifecycleProcessor  : Starting beans in phase 2147482647
2019-05-24 22:01:44.577  INFO 5220 --- [           main] o.s.c.support.DefaultLifecycleProcessor  : Starting beans in phase 2147483647
2019-05-24 22:01:44.578  INFO 5220 --- [           main] d.s.w.p.DocumentationPluginsBootstrapper : Context refreshed
2019-05-24 22:01:44.619  INFO 5220 --- [           main] d.s.w.p.DocumentationPluginsBootstrapper : Found 1 custom documentation plugin(s)
2019-05-24 22:01:44.683  INFO 5220 --- [           main] s.d.s.w.s.ApiListingReferenceScanner     : Scanning for api listing references
2019-05-24 22:01:44.857  INFO 5220 --- [           main] .d.s.w.r.o.CachingOperationNameGenerator : Generating unique operation named: batchUpdateUsingPOST_1
2019-05-24 22:01:44.859  INFO 5220 --- [           main] .d.s.w.r.o.CachingOperationNameGenerator : Generating unique operation named: deleteUsingDELETE_1
2019-05-24 22:01:44.864  INFO 5220 --- [           main] .d.s.w.r.o.CachingOperationNameGenerator : Generating unique operation named: loadByIdUsingGET_1
2019-05-24 22:01:44.866  INFO 5220 --- [           main] .d.s.w.r.o.CachingOperationNameGenerator : Generating unique operation named: loadCountUsingPOST_1
2019-05-24 22:01:44.869  INFO 5220 --- [           main] .d.s.w.r.o.CachingOperationNameGenerator : Generating unique operation named: loadListUsingPOST_1
2019-05-24 22:01:44.872  INFO 5220 --- [           main] .d.s.w.r.o.CachingOperationNameGenerator : Generating unique operation named: loadOneUsingPOST_1
2019-05-24 22:01:44.884  INFO 5220 --- [           main] .d.s.w.r.o.CachingOperationNameGenerator : Generating unique operation named: loadPageUsingPOST_1
2019-05-24 22:01:44.886  INFO 5220 --- [           main] .d.s.w.r.o.CachingOperationNameGenerator : Generating unique operation named: saveUsingPOST_1
2019-05-24 22:01:44.889  INFO 5220 --- [           main] .d.s.w.r.o.CachingOperationNameGenerator : Generating unique operation named: saveListUsingPOST_1
2019-05-24 22:01:44.892  INFO 5220 --- [           main] .d.s.w.r.o.CachingOperationNameGenerator : Generating unique operation named: searchByColumnNameLikelyUsingPOST_1
2019-05-24 22:01:44.908  INFO 5220 --- [           main] .d.s.w.r.o.CachingOperationNameGenerator : Generating unique operation named: searchByExampleUsingPOST_1
2019-05-24 22:01:44.911  INFO 5220 --- [           main] .d.s.w.r.o.CachingOperationNameGenerator : Generating unique operation named: searchByIdsUsingPOST_1
2019-05-24 22:01:44.912  INFO 5220 --- [           main] .d.s.w.r.o.CachingOperationNameGenerator : Generating unique operation named: updateUsingPUT_1
2019-05-24 22:01:44.914  INFO 5220 --- [           main] .d.s.w.r.o.CachingOperationNameGenerator : Generating unique operation named: updateSelectiveUsingPATCH_1
2019-05-24 22:01:45.007  WARN 5220 --- [           main] s.d.s.w.r.p.ParameterDataTypeReader      : Trying to infer dataType org.springframework.ui.ModelMap
2019-05-24 22:01:45.034  INFO 5220 --- [           main] .d.s.w.r.o.CachingOperationNameGenerator : Generating unique operation named: batchUpdateUsingPOST_2
2019-05-24 22:01:45.037  INFO 5220 --- [           main] .d.s.w.r.o.CachingOperationNameGenerator : Generating unique operation named: deleteUsingDELETE_2
2019-05-24 22:01:45.038  INFO 5220 --- [           main] .d.s.w.r.o.CachingOperationNameGenerator : Generating unique operation named: loadByIdUsingGET_2
2019-05-24 22:01:45.040  INFO 5220 --- [           main] .d.s.w.r.o.CachingOperationNameGenerator : Generating unique operation named: loadCountUsingPOST_2
2019-05-24 22:01:45.042  INFO 5220 --- [           main] .d.s.w.r.o.CachingOperationNameGenerator : Generating unique operation named: loadListUsingPOST_2
2019-05-24 22:01:45.044  INFO 5220 --- [           main] .d.s.w.r.o.CachingOperationNameGenerator : Generating unique operation named: loadOneUsingPOST_2
2019-05-24 22:01:45.052  INFO 5220 --- [           main] .d.s.w.r.o.CachingOperationNameGenerator : Generating unique operation named: loadPageUsingPOST_2
2019-05-24 22:01:45.053  INFO 5220 --- [           main] .d.s.w.r.o.CachingOperationNameGenerator : Generating unique operation named: saveUsingPOST_2
2019-05-24 22:01:45.055  INFO 5220 --- [           main] .d.s.w.r.o.CachingOperationNameGenerator : Generating unique operation named: saveListUsingPOST_2
2019-05-24 22:01:45.062  INFO 5220 --- [           main] .d.s.w.r.o.CachingOperationNameGenerator : Generating unique operation named: searchByColumnNameLikelyUsingPOST_2
2019-05-24 22:01:45.076  INFO 5220 --- [           main] .d.s.w.r.o.CachingOperationNameGenerator : Generating unique operation named: searchByExampleUsingPOST_2
2019-05-24 22:01:45.077  INFO 5220 --- [           main] .d.s.w.r.o.CachingOperationNameGenerator : Generating unique operation named: searchByIdsUsingPOST_2
2019-05-24 22:01:45.080  INFO 5220 --- [           main] .d.s.w.r.o.CachingOperationNameGenerator : Generating unique operation named: updateUsingPUT_2
2019-05-24 22:01:45.081  INFO 5220 --- [           main] .d.s.w.r.o.CachingOperationNameGenerator : Generating unique operation named: updateSelectiveUsingPATCH_2
2019-05-24 22:01:45.118  INFO 5220 --- [           main] c.z.a.p.s.s.test.WeixinPolicyTest        : Started WeixinPolicyTest in 15.479 seconds (JVM running for 16.597)
2019-05-24 22:01:45.373  INFO 5220 --- [           main] com.alibaba.druid.pool.DruidDataSource   : {dataSource-1} inited
2019-05-24 22:01:45.660 DEBUG 5220 --- [           main] c.z.a.p.s.m.W.selectByAppid              : ==>  Preparing: select wm.* from wechat_mch wm inner join wechat_app_mch wam on wam.mch_id = wm.id where wam.appid = ? 
2019-05-24 22:01:45.690 DEBUG 5220 --- [           main] c.z.a.p.s.m.W.selectByAppid              : ==> Parameters: wx6e566a629857ce13(String)
2019-05-24 22:01:45.738 DEBUG 5220 --- [           main] c.z.a.p.s.m.W.selectByAppid              : <==      Total: 0
]]></system-out>
    <system-err><![CDATA[五月 24, 2019 10:01:29 下午 org.springframework.test.context.support.AbstractTestContextBootstrapper buildDefaultMergedContextConfiguration
信息: Neither @ContextConfiguration nor @ContextHierarchy found for test class [com.zhonghuilv.aitravel.pay.service.supports.test.WeixinPolicyTest], using SpringBootContextLoader
五月 24, 2019 10:01:29 下午 org.springframework.test.context.support.AbstractContextLoader generateDefaultLocations
信息: Could not detect default resource locations for test class [com.zhonghuilv.aitravel.pay.service.supports.test.WeixinPolicyTest]: no resource found for suffixes {-context.xml, Context.groovy}.
五月 24, 2019 10:01:29 下午 org.springframework.test.context.support.AbstractTestContextBootstrapper getDefaultTestExecutionListenerClassNames
信息: Loaded default TestExecutionListener class names from location [META-INF/spring.factories]: [org.springframework.boot.test.mock.mockito.MockitoTestExecutionListener, org.springframework.boot.test.mock.mockito.ResetMocksTestExecutionListener, org.springframework.boot.test.autoconfigure.restdocs.RestDocsTestExecutionListener, org.springframework.boot.test.autoconfigure.web.client.MockRestServiceServerResetTestExecutionListener, org.springframework.boot.test.autoconfigure.web.servlet.MockMvcPrintOnlyOnFailureTestExecutionListener, org.springframework.boot.test.autoconfigure.web.servlet.WebDriverTestExecutionListener, org.springframework.test.context.web.ServletTestExecutionListener, org.springframework.test.context.support.DirtiesContextBeforeModesTestExecutionListener, org.springframework.test.context.support.DependencyInjectionTestExecutionListener, org.springframework.test.context.support.DirtiesContextTestExecutionListener, org.springframework.test.context.transaction.TransactionalTestExecutionListener, org.springframework.test.context.jdbc.SqlScriptsTestExecutionListener]
五月 24, 2019 10:01:29 下午 org.springframework.test.context.support.AbstractTestContextBootstrapper getTestExecutionListeners
信息: Using TestExecutionListeners: [org.springframework.test.context.web.ServletTestExecutionListener@1c7696c6, org.springframework.test.context.support.DirtiesContextBeforeModesTestExecutionListener@60099951, org.springframework.boot.test.mock.mockito.MockitoTestExecutionListener@20140db9, org.springframework.boot.test.autoconfigure.SpringBootDependencyInjectionTestExecutionListener@1e6a3214, org.springframework.test.context.support.DirtiesContextTestExecutionListener@368247b9, org.springframework.test.context.transaction.TransactionalTestExecutionListener@1a6d8329, org.springframework.test.context.jdbc.SqlScriptsTestExecutionListener@1a942c18, org.springframework.boot.test.mock.mockito.ResetMocksTestExecutionListener@55a147cc, org.springframework.boot.test.autoconfigure.restdocs.RestDocsTestExecutionListener@71ba6d4e, org.springframework.boot.test.autoconfigure.web.client.MockRestServiceServerResetTestExecutionListener@738dc9b, org.springframework.boot.test.autoconfigure.web.servlet.MockMvcPrintOnlyOnFailureTestExecutionListener@3c77d488, org.springframework.boot.test.autoconfigure.web.servlet.WebDriverTestExecutionListener@63376bed]
]]></system-err>
  </testcase>
</testsuite>